#
# A fatal error has been detected by the Java Runtime Environment:
#
#  EXCEPTION_ACCESS_VIOLATION (0xc0000005) at pc=0x00007ffefba726c4, pid=20904, tid=21296
#
# JRE version: Java(TM) SE Runtime Environment (26.0+35) (build 26+35-2893)
# Java VM: Java HotSpot(TM) 64-Bit Server VM (26+35-2893, mixed mode, emulated-client, sharing, tiered, compressed oops, compressed class ptrs, g1 gc, windows-amd64)
# Problematic frame:
# C  [libasyncProfiler.dll+0x926c4]
#
# No core dump will be written. Minidumps are not enabled by default on client versions of Windows
#
# If you would like to submit a bug report, please visit:
#   https://bugreport.java.com/bugreport/crash.jsp
# The crash happened outside the Java Virtual Machine in native code.
# See problematic frame for where to report the bug.
#

---------------  S U M M A R Y ------------

Command Line: -agentlib:jdwp=transport=dt_socket,address=127.0.0.1:60714,suspend=y,server=n -agentpath:C:\Users\22097\AppData\Local\Temp\idea_libasyncProfiler_dll_temp_folder3\libasyncProfiler.dll=version,jfr,event=wall,interval=10ms,cstack=no,file=C:\Users\22097\IdeaSnapshots\ThumbsApplication_2026_05_02_152853.jfr,dbghelppath=C:\Users\22097\AppData\Local\Temp\idea_dbghelp_dll_temp_folder\dbghelp.dll,log=C:\Users\22097\AppData\Local\Temp\ThumbsApplication_2026_05_02_152853.jfr.log.txt,logLevel=DEBUG -XX:TieredStopAtLevel=1 -Dspring.output.ansi.enabled=always -Dcom.sun.management.jmxremote -Dspring.jmx.enabled=true -Dspring.liveBeansView.mbeanDomain -Dspring.application.admin.enabled=true -Dmanagement.endpoints.jmx.exposure.include=* -Dfile.encoding=UTF-8 -Dsun.stdout.encoding=UTF-8 -Dsun.stderr.encoding=UTF-8 com.usst.thumbs.ThumbsApplication

Host: AMD Ryzen 5 3550H with Radeon Vega Mobile Gfx  , 8 cores, 14G,  Windows 11 , 64 bit Build 26100 (10.0.26100.8246)
Time: Sat May  2 15:37:23 2026 elapsed time: 510.767220 seconds (0d 0h 8m 30s)

---------------  T H R E A D  ---------------

Current thread (0x000001fb1e6443f0):  JavaThread "Attach Listener" daemon [_thread_in_native, id=21296, stack(0x000000addab00000,0x000000addac00000) (1024K)]

Stack: [0x000000addab00000,0x000000addac00000],  sp=0x000000addabfecd0,  free space=1019k
Native frames: (J=compiled Java code, j=interpreted, Vv=VM code, C=native code)
C  [libasyncProfiler.dll+0x926c4]  (no source info available)
C  [libasyncProfiler.dll+0x92b9b]  (no source info available)
C  [libasyncProfiler.dll+0x917f4]  (no source info available)
C  [libasyncProfiler.dll+0x9206a]  (no source info available)
C  [libasyncProfiler.dll+0x8cc21]  (no source info available)
C  [libasyncProfiler.dll+0x7e5e1]  (no source info available)
C  [libasyncProfiler.dll+0x7d2f8]  (no source info available)
C  [libasyncProfiler.dll+0x7d1e0]  (no source info available)
C  [libasyncProfiler.dll+0x841b9]  (no source info available)
V  [jvm.dll+0x61c706]  (no source info available)
V  [jvm.dll+0x61d447]  (no source info available)
V  [jvm.dll+0x1a6787]  (no source info available)
V  [jvm.dll+0x1a8214]  (no source info available)
V  [jvm.dll+0x4a3f01]  (no source info available)
V  [jvm.dll+0x94f4e9]  (no source info available)
V  [jvm.dll+0x7d71f8]  (no source info available)
C  [ucrtbase.dll+0x37b0]  (no source info available)
C  [KERNEL32.DLL+0x2e8d7]  (no source info available)
C  [ntdll.dll+0x8c3fc]  (no source info available)


siginfo: EXCEPTION_ACCESS_VIOLATION (0xc0000005), reading address 0xffffffffffffffff


Registers:
RAX=0x0000000000000010, RBX=0x0000000000000000, RCX=0xffffffffffffffff, RDX=0x007ffed8a7cba010
RSP=0x000000addabfecd0, RBP=0x000001fb1e7e6d18, RSI=0x000000addabfee40, RDI=0x000001fb1e7e6d18
R8 =0x0000000000000042, R9 =0x0000000711011768, R10=0x00007ffed8d14ca0, R11=0x00000000000002ac
R12=0x000000addabfee40, R13=0x000001fb09fd5e70, R14=0x000001fb1e644820, R15=0x000001fb1e644820
RIP=0x00007ffefba726c4, EFLAGS=0x0000000000010202

XMM[0]=0x0000000000000000 0x0000000000000000
XMM[1]=0x0000000000000000 0x0000000000000000
XMM[2]=0x0000000000000000 0x0000000000000000
XMM[3]=0x0000000000000000 0x0000000000000000
XMM[4]=0x0000000000000000 0x0000000000000000
XMM[5]=0x0000000000000000 0x0000000000000000
XMM[6]=0x0000000000000000 0x0000000000000000
XMM[7]=0x0000000000000000 0x0000000000000000
XMM[8]=0x0000000000000000 0x0000000000000000
XMM[9]=0x0000000000000000 0x0000000000000000
XMM[10]=0x0000000000000000 0x0000000000000000
XMM[11]=0x0000000000000000 0x0000000000000000
XMM[12]=0x0000000000000000 0x0000000000000000
XMM[13]=0x0000000000000000 0x0000000000000000
XMM[14]=0x0000000000000000 0x0000000000000000
XMM[15]=0x0000000000000000 0x0000000000000000
  MXCSR=0x00001fa0


Register to memory mapping:

RAX=0x0000000000000010 is an unknown value
RBX=0x0 is null
RCX=0xffffffffffffffff is an unknown value
RDX=0x007ffed8a7cba010 is an unknown value
RSP=0x000000addabfecd0 is pointing into the stack for thread: 0x000001fb1e6443f0
RBP=0x000001fb1e7e6d18 points into unknown readable memory: 0x0000000711011768 | 68 17 01 11 07 00 00 00
RSI=0x000000addabfee40 is pointing into the stack for thread: 0x000001fb1e6443f0
RDI=0x000001fb1e7e6d18 points into unknown readable memory: 0x0000000711011768 | 68 17 01 11 07 00 00 00
R8 =0x0000000000000042 is an unknown value
R9 =0x0000000711011768 is an oop: java.lang.ref.Reference$ReferenceHandler 
{0x0000000711011768} - klass: 'java/lang/ref/Reference$ReferenceHandler' - flags: 

 - ---- fields (total size 14 words):
 - 'threadLocalRandomProbe' 'I' @12  0 (0x00000000)
 - private volatile 'eetop' 'J' @16  2178058314768 (0x000001fb1e646410)
 - private final 'tid' 'J' @24  15 (0x000000000000000f)
 - 'threadLocalRandomSeed' 'J' @32  0 (0x0000000000000000)
 - injected 'jvmti_thread_state' 'J' @40  2177679682080 (0x000001fb07d2ea20)
 - 'threadLocalRandomSecondarySeed' 'I' @48  0 (0x00000000)
 - injected 'vthread_transition_disable_count' 'I' @52  0 (0x00000000)
 - injected 'jfr_epoch' 'S' @56  0 (0x0000)
 - volatile 'interrupted' 'Z' @58  false (0x00)
 - injected 'is_in_vthread_transition' 'Z' @59  false (0x00)
 - private volatile 'name' 'Ljava/lang/String;' @60  "Reference Handler"{0x0000000712fb4b90} (0xe25f6972)
 - private volatile 'contextClassLoader' 'Ljava/lang/ClassLoader;' @64  null (0x00000000)
 - private final 'holder' 'Ljava/lang/Thread$FieldHolder;' @68  a 'java/lang/Thread$FieldHolder'{0x000000071100e1a0} (0xe2201c34)
 - private 'threadLocals' 'Ljava/lang/ThreadLocal$ThreadLocalMap;' @72  null (0x00000000)
 - private 'inheritableThreadLocals' 'Ljava/lang/ThreadLocal$ThreadLocalMap;' @76  null (0x00000000)
 - private 'scopedValueBindings' 'Ljava/lang/Object;' @80  a 'java/lang/Class'{0x0000000712f47420} = 'java/lang/Thread' (0xe25e8e84)
 - final 'interruptLock' 'Ljava/lang/Object;' @84  a 'java/lang/Object'{0x000000071100e190} (0xe2201c32)
 - private volatile 'parkBlocker' 'Ljava/lang/Object;' @88  null (0x00000000)
 - private 'nioBlocker' 'Lsun/nio/ch/Interruptible;' @92  null (0x00000000)
 - private 'cont' 'Ljdk/internal/vm/Continuation;' @96  null (0x00000000)
 - private volatile 'uncaughtExceptionHandler' 'Ljava/lang/Thread$UncaughtExceptionHandler;' @100  null (0x00000000)
 - private 'container' 'Ljdk/internal/vm/ThreadContainer;' @104  null (0x00000000)
 - private volatile 'headStackableScopes' 'Ljdk/internal/vm/StackableScope;' @108  null (0x00000000)
R10=0x00007ffed8d14ca0 jvm.dll
R11=0x00000000000002ac is an unknown value
R12=0x000000addabfee40 is pointing into the stack for thread: 0x000001fb1e6443f0
R13=0x000001fb09fd5e70 points into unknown readable memory: 0x00007ffed8c81060 | 60 10 c8 d8 fe 7f 00 00
R14=0x000001fb1e644820 points into unknown readable memory: 0x00007ffed8c784d0 | d0 84 c7 d8 fe 7f 00 00
R15=0x000001fb1e644820 points into unknown readable memory: 0x00007ffed8c784d0 | d0 84 c7 d8 fe 7f 00 00

Top of Stack: (sp=0x000000addabfecd0)
0x000000addabfecd0:   000000addabfee40 000001fb1e7e6d18   @........m~.....
0x000000addabfece0:   0000000000000000 000001fb1e644bb8   .........Kd.....
0x000000addabfecf0:   0000000000000037 00007ffefba72b9b   7........+......
0x000000addabfed00:   0000000000000000 000001fb1e644820   ........ Hd.....
0x000000addabfed10:   000000addabfee01 0000000000000000   ................
0x000000addabfed20:   000001fb255b2470 00007ffefba717f4   p$[%............
0x000000addabfed30:   0000000000000000 0000000000000037   ........7.......
0x000000addabfed40:   0000000000000000 0000000000000037   ........7.......
0x000000addabfed50:   0000002200000002 000001fb26002f10   ...."..../.&....
0x000000addabfed60:   000001fb255b2470 000001fb255b254c   p$[%....L%[%....
0x000000addabfed70:   000001fb255b256c 000000ad000020d0   l%[%..... ......
0x000000addabfed80:   0000000000000000 0000000000000000   ................
0x000000addabfed90:   0000000000000000 00007ffed843ba94   ..........C.....
0x000000addabfeda0:   00007ffefbbb4ca0 00000000000051a8   .L.......Q......
0x000000addabfedb0:   00007ffefbbb4ca0 00000000ffffffff   .L..............
0x000000addabfedc0:   0000000000000000 00007ffefba7206a   ........j ......
0x000000addabfedd0:   000001fb1e644820 0000000000000000    Hd.............
0x000000addabfede0:   000000addabfee49 000001fb09fd5e70   I.......p^......
0x000000addabfedf0:   000000000000001b 000000000000000b   ................
0x000000addabfee00:   0000000000000009 00007fff874eb949   ........I.N.....
0x000000addabfee10:   000001fb1e644820 00007ffefbbb4ca0    Hd......L......
0x000000addabfee20:   000000000000000b 00007ffed86f8dcd   ..........o.....
0x000000addabfee30:   0000000000000000 000001fb1e644820   ........ Hd.....
0x000000addabfee40:   000001fb25bcf650 000001fb25bcfd30   P..%....0..%....
0x000000addabfee50:   000001fb25bcfd30 00007ffefbbb4ca0   0..%.....L......
0x000000addabfee60:   000001fb09fecd18 000000addabfefd8   ................
0x000000addabfee70:   000000addabff110 0000000000008840   ........@.......
0x000000addabfee80:   000000addabff2f0 00007ffefbbb4cf0   .........L......
0x000000addabfee90:   0000000000989680 0000000000989680   ................
0x000000addabfeea0:   000000addabfefb0 00007ffefba6cc21   ........!.......
0x000000addabfeeb0:   00007ffefbbb4ca0 00007ffefbbb4cf8   .L.......L......
0x000000addabfeec0:   00007ffe00000000 003bbfa300000001   ..............;.

Instructions: (pc=0x00007ffefba726c4)
  0x00007ffefba725c4:   cc cc cc cc cc cc cc cc cc cc cc cc cc cc cc cc
  0x00007ffefba725d4:   cc cc cc cc cc cc cc cc cc cc cc cc cc cc cc cc
  0x00007ffefba725e4:   cc cc cc cc cc cc cc cc cc cc cc cc cc cc cc cc
  0x00007ffefba725f4:   cc cc cc cc cc cc cc cc cc cc cc cc cc cc cc cc
  0x00007ffefba72604:   cc cc cc cc cc cc cc cc cc cc cc cc cc cc cc cc
  0x00007ffefba72614:   cc cc cc cc cc cc cc cc cc cc cc cc cc cc cc cc
  0x00007ffefba72624:   cc cc cc cc cc cc cc cc cc cc cc cc cc cc cc cc
  0x00007ffefba72634:   cc cc cc cc cc cc cc cc cc cc cc cc cc cc cc cc
  0x00007ffefba72644:   cc cc cc cc cc cc cc cc cc cc cc cc 40 57 48 83
  0x00007ffefba72654:   ec 20 48 8b f9 48 8b 0d 10 28 14 00 48 85 c9 74
  0x00007ffefba72664:   20 48 8b 01 48 8d 54 24 38 41 b8 06 00 01 00 4c
  0x00007ffefba72674:   8b 48 30 41 ff d1 85 c0 75 07 48 8b 4c 24 38 eb
  0x00007ffefba72684:   02 33 c9 4c 8b 05 ea 28 14 00 48 89 5c 24 30 4d
  0x00007ffefba72694:   85 c0 74 4a 48 8b 01 48 8b d7 4c 8b 88 28 03 00
  0x00007ffefba726a4:   00 41 ff d1 48 85 c0 74 35 48 63 0d f8 e6 13 00
  0x00007ffefba726b4:   48 8b 14 01 48 85 d2 74 15 48 63 05 fc e6 13 00
=>0x00007ffefba726c4:   8b 04 10 48 8b 5c 24 30 48 83 c4 20 5f c3 b8 ff
  0x00007ffefba726d4:   ff ff ff 48 8b 5c 24 30 48 83 c4 20 5f c3 80 3d
  0x00007ffefba726e4:   9b 27 14 00 00 bb ff ff ff ff 74 20 4c 8b 0d 31
  0x00007ffefba726f4:   24 14 00 4c 8d 44 24 38 48 8b 0d 15 24 14 00 48
  0x00007ffefba72704:   8b d7 41 ff d1 85 c0 0f 44 5c 24 38 8b c3 48 8b
  0x00007ffefba72714:   5c 24 30 48 83 c4 20 5f c3 cc cc cc cc cc cc cc
  0x00007ffefba72724:   cc cc cc cc cc cc cc cc cc cc cc cc cc cc cc cc
  0x00007ffefba72734:   cc cc cc cc cc cc cc cc cc cc cc cc cc cc cc cc
  0x00007ffefba72744:   cc cc cc cc cc cc cc cc cc cc cc cc 48 89 54 24
  0x00007ffefba72754:   10 53 55 56 57 41 56 41 57 48 83 ec 28 48 8b f2
  0x00007ffefba72764:   4c 8b f1 48 89 4c 24 78 45 33 ff 44 89 7c 24 68
  0x00007ffefba72774:   c7 44 24 60 01 00 00 00 48 8d 4c 24 68 e8 ed 42
  0x00007ffefba72784:   f7 ff 8b d8 48 8d 4c 24 60 e8 e1 42 f7 ff 8b e8
  0x00007ffefba72794:   49 8b ce e8 00 fc f6 ff 48 8b f8 90 8b c3 f0 0f
  0x00007ffefba727a4:   b1 2f 74 04 f3 90 eb f4 4c 89 3e 4c 89 7e 08 4c
  0x00007ffefba727b4:   89 7e 10 49 8b 6e 08 4d 8b 76 10 49 3b ee 0f 84


Stack slot to memory mapping:

stack at sp + 0 slots: 0x000000addabfee40 is pointing into the stack for thread: 0x000001fb1e6443f0
stack at sp + 1 slots: 0x000001fb1e7e6d18 points into unknown readable memory: 0x0000000711011768 | 68 17 01 11 07 00 00 00
stack at sp + 2 slots: 0x0 is null
stack at sp + 3 slots: 0x000001fb1e644bb8 points into unknown readable memory: 0x6e616c2e6176616a | 6a 61 76 61 2e 6c 61 6e
stack at sp + 4 slots: 0x0000000000000037 is an unknown value
stack at sp + 5 slots: 0x00007ffefba72b9b libasyncProfiler.dll
stack at sp + 6 slots: 0x0 is null
stack at sp + 7 slots: 0x000001fb1e644820 points into unknown readable memory: 0x00007ffed8c784d0 | d0 84 c7 d8 fe 7f 00 00

Lock stack of current Java thread (top to bottom):


---------------  P R O C E S S  ---------------

Threads class SMR info:
_java_thread_list=0x000001fb241f7e80, length=37, elements={
0x000001fb1e646410, 0x000001fb1e635520, 0x000001fb1e641300, 0x000001fb1e6443f0,
0x000001fb1e64bfd0, 0x000001fb1e6527a0, 0x000001fb1e65ff80, 0x000001fb1e7ab160,
0x000001fb1e7abe50, 0x000001fb1e7dee40, 0x000001fb1e8054d0, 0x000001fb1e8066b0,
0x000001fb23c74de0, 0x000001fb24c4c6e0, 0x000001fb24c50d30, 0x000001fb2345c770,
0x000001fb1e65ed20, 0x000001fb24c4ceb0, 0x000001fb24c4fd90, 0x000001fb24c51500,
0x000001fb24c51cd0, 0x000001fb2345bfa0, 0x000001fb2345a830, 0x000001fb2345b7d0,
0x000001fb2345e6b0, 0x000001fb234605f0, 0x000001fb23460dc0, 0x000001fb23a14de0,
0x000001fb23a16d20, 0x000001fb23a17cc0, 0x000001fb25f7b230, 0x000001fb25f7d170,
0x000001fb1e65aea0, 0x000001fb26328f00, 0x000001fb2632cd80, 0x000001fb2632d550,
0x000001fb2632dd20
}

Java Threads: ( => current thread )
  0x000001fb1e646410 JavaThread "Reference Handler"          daemon [_thread_blocked, id=19976, stack(0x000000adda800000,0x000000adda900000) (1024K)]
  0x000001fb1e635520 JavaThread "Finalizer"                  daemon [_thread_blocked, id=14844, stack(0x000000adda900000,0x000000addaa00000) (1024K)]
  0x000001fb1e641300 JavaThread "Signal Dispatcher"          daemon [_thread_blocked, id=14068, stack(0x000000addaa00000,0x000000addab00000) (1024K)]
=>0x000001fb1e6443f0 JavaThread "Attach Listener"            daemon [_thread_in_native, id=21296, stack(0x000000addab00000,0x000000addac00000) (1024K)]
  0x000001fb1e64bfd0 JavaThread "Service Thread"             daemon [_thread_blocked, id=7468, stack(0x000000addac00000,0x000000addad00000) (1024K)]
  0x000001fb1e6527a0 JavaThread "Monitor Deflation Thread"   daemon [_thread_blocked, id=21008, stack(0x000000addad00000,0x000000addae00000) (1024K)]
  0x000001fb1e65ff80 JavaThread "C1 CompilerThread0"         daemon [_thread_blocked, id=16512, stack(0x000000addae00000,0x000000addaf00000) (1024K)]
  0x000001fb1e7ab160 JavaThread "JDWP Transport Listener: dt_socket" daemon [_thread_blocked, id=19088, stack(0x000000addb000000,0x000000addb100000) (1024K)]
  0x000001fb1e7abe50 JavaThread "JDWP Event Helper Thread"   daemon [_thread_blocked, id=2796, stack(0x000000addb100000,0x000000addb200000) (1024K)]
  0x000001fb1e7dee40 JavaThread "JDWP Command Reader"        daemon [_thread_in_native, id=19540, stack(0x000000addb200000,0x000000addb300000) (1024K)]
  0x000001fb1e8054d0 JavaThread "Notification Thread"        daemon [_thread_blocked, id=16128, stack(0x000000addb300000,0x000000addb400000) (1024K)]
  0x000001fb1e8066b0 JavaThread "Common-Cleaner"             daemon [_thread_blocked, id=16300, stack(0x000000addb400000,0x000000addb500000) (1024K)]
  0x000001fb23c74de0 JavaThread "RMI TCP Accept-0"           daemon [_thread_in_native, id=9316, stack(0x000000addbf00000,0x000000addc000000) (1024K)]
  0x000001fb24c4c6e0 JavaThread "mysql-cj-abandoned-connection-cleanup" daemon [_thread_blocked, id=20372, stack(0x000000addc500000,0x000000addc600000) (1024K)]
  0x000001fb24c50d30 JavaThread "Live Reload Server"         daemon [_thread_in_native, id=20304, stack(0x000000addc900000,0x000000addca00000) (1024K)]
  0x000001fb2345c770 JavaThread "DestroyJavaVM"                     [_thread_blocked, id=17764, stack(0x000000add9f00000,0x000000adda000000) (1024K)]
  0x000001fb1e65ed20 JavaThread "InnocuousThread-1"          daemon [_thread_blocked, id=17800, stack(0x000000addd600000,0x000000addd700000) (1024K)]
  0x000001fb24c4ceb0 JavaThread "File Watcher"               daemon [_thread_blocked, id=7516, stack(0x000000add9e00000,0x000000add9f00000) (1024K)]
  0x000001fb24c4fd90 JavaThread "Catalina-utility-1"                [_thread_blocked, id=12824, stack(0x000000addba00000,0x000000addbb00000) (1024K)]
  0x000001fb24c51500 JavaThread "Catalina-utility-2"                [_thread_blocked, id=16356, stack(0x000000addc000000,0x000000addc100000) (1024K)]
  0x000001fb24c51cd0 JavaThread "container-1"                       [_thread_blocked, id=13528, stack(0x000000addc100000,0x000000addc200000) (1024K)]
  0x000001fb2345bfa0 JavaThread "lettuce-timer-8-1"          daemon [_thread_blocked, id=17792, stack(0x000000addc200000,0x000000addc300000) (1024K)]
  0x000001fb2345a830 JavaThread "File Watcher"               daemon [_thread_blocked, id=19788, stack(0x000000addc300000,0x000000addc400000) (1024K)]
  0x000001fb2345b7d0 JavaThread "http-nio-8080-exec-1"       daemon [_thread_blocked, id=18232, stack(0x000000addc400000,0x000000addc500000) (1024K)]
  0x000001fb2345e6b0 JavaThread "http-nio-8080-exec-2"       daemon [_thread_blocked, id=19580, stack(0x000000addc600000,0x000000addc700000) (1024K)]
  0x000001fb234605f0 JavaThread "http-nio-8080-exec-3"       daemon [_thread_blocked, id=5048, stack(0x000000addc700000,0x000000addc800000) (1024K)]
  0x000001fb23460dc0 JavaThread "http-nio-8080-exec-4"       daemon [_thread_blocked, id=21020, stack(0x000000addc800000,0x000000addc900000) (1024K)]
  0x000001fb23a14de0 JavaThread "http-nio-8080-exec-5"       daemon [_thread_blocked, id=15268, stack(0x000000addca00000,0x000000addcb00000) (1024K)]
  0x000001fb23a16d20 JavaThread "http-nio-8080-exec-6"       daemon [_thread_blocked, id=18092, stack(0x000000addcb00000,0x000000addcc00000) (1024K)]
  0x000001fb23a17cc0 JavaThread "http-nio-8080-exec-7"       daemon [_thread_blocked, id=18756, stack(0x000000addcc00000,0x000000addcd00000) (1024K)]
  0x000001fb25f7b230 JavaThread "http-nio-8080-exec-8"       daemon [_thread_blocked, id=15116, stack(0x000000addcd00000,0x000000addce00000) (1024K)]
  0x000001fb25f7d170 JavaThread "http-nio-8080-exec-9"       daemon [_thread_blocked, id=12360, stack(0x000000addce00000,0x000000addcf00000) (1024K)]
  0x000001fb1e65aea0 JavaThread "http-nio-8080-exec-10"      daemon [_thread_blocked, id=20088, stack(0x000000addcf00000,0x000000addd000000) (1024K)]
  0x000001fb26328f00 JavaThread "http-nio-8080-Poller"       daemon [_thread_in_native, id=12180, stack(0x000000addd000000,0x000000addd100000) (1024K)]
  0x000001fb2632cd80 JavaThread "http-nio-8080-Acceptor"     daemon [_thread_in_native, id=18480, stack(0x000000addd100000,0x000000addd200000) (1024K)]
  0x000001fb2632d550 JavaThread "lettuce-nioEventLoop-9-1"   daemon [_thread_in_native, id=16904, stack(0x000000add9c00000,0x000000add9d00000) (1024K)]
  0x000001fb2632dd20 JavaThread "HikariPool-2 housekeeper"   daemon [_thread_blocked, id=8400, stack(0x000000addb900000,0x000000addba00000) (1024K)]
Total: 37

Other Threads:
  0x000001fb09c74300 VMThread "VM Thread"                           [id=12632, stack(0x000000adda700000,0x000000adda800000) (1024K)]
  0x000001fb09b99880 WatcherThread "VM Periodic Task Thread"        [id=20496, stack(0x000000adda600000,0x000000adda700000) (1024K)]
  0x000001fb09b324d0 WorkerThread "GC Thread#0"                     [id=9356, stack(0x000000adda000000,0x000000adda100000) (1024K)]
  0x000001fb1e8967c0 WorkerThread "GC Thread#1"                     [id=19220, stack(0x000000addaf00000,0x000000addb000000) (1024K)]
  0x000001fb230d0ce0 WorkerThread "GC Thread#2"                     [id=20992, stack(0x000000addb500000,0x000000addb600000) (1024K)]
  0x000001fb230d1100 WorkerThread "GC Thread#3"                     [id=16428, stack(0x000000addb600000,0x000000addb700000) (1024K)]
  0x000001fb230d1730 WorkerThread "GC Thread#4"                     [id=20044, stack(0x000000addb700000,0x000000addb800000) (1024K)]
  0x000001fb23b70e00 WorkerThread "GC Thread#5"                     [id=4576, stack(0x000000addbb00000,0x000000addbc00000) (1024K)]
  0x000001fb23b71220 WorkerThread "GC Thread#6"                     [id=18172, stack(0x000000addbc00000,0x000000addbd00000) (1024K)]
  0x000001fb23b71640 WorkerThread "GC Thread#7"                     [id=18836, stack(0x000000addbd00000,0x000000addbe00000) (1024K)]
  0x000001fb09b4ba90 ConcurrentGCThread "G1 Main Marker"            [id=13944, stack(0x000000adda100000,0x000000adda200000) (1024K)]
  0x000001fb09b4cf80 WorkerThread "G1 Conc#0"                       [id=16068, stack(0x000000adda200000,0x000000adda300000) (1024K)]
  0x000001fb23b71a60 WorkerThread "G1 Conc#1"                       [id=18788, stack(0x000000addbe00000,0x000000addbf00000) (1024K)]
  0x000001fb09b8ab40 WorkerThread "G1 Refinement Workers#0"         [id=21004, stack(0x000000adda400000,0x000000adda500000) (1024K)]
  0x000001fb09b88170 ConcurrentGCThread "G1 Refine Control"         [id=21316, stack(0x000000adda300000,0x000000adda400000) (1024K)]
  0x000001fb09b8c520 ConcurrentGCThread "G1 Service"                [id=20268, stack(0x000000adda500000,0x000000adda600000) (1024K)]
Total: 16

Threads with active compile tasks:
Total: 0

VM state: not at safepoint (normal execution)

VM Mutex/Monitor currently owned by a thread: None

Heap address: 0x0000000711000000, size: 3824 MB, Compressed Oops mode: Zero based, Oop shift amount: 3

CDS archive(s) mapped at: [0x0000000030000000-0x0000000030de0000-0x0000000030de0000), size 14548992, SharedBaseAddress: 0x0000000030000000, ArchiveRelocationMode: 1.
Compressed class space mapped at: 0x0000000031000000-0x0000000071000000, reserved size: 1073741824
UseCompressedClassPointers 1, UseCompactObjectHeaders 0
Narrow klass pointer bits 32, Max shift 3
Narrow klass base: 0x0000000030000000, Narrow klass shift: 0
Encoding Range: [0x0000000030000000 - 0x0000000130000000), (4294967296 bytes)
Klass Range:    [0x0000000030000000 - 0x0000000071000000), (1090519040 bytes)
Klass ID Range:  [8 - 1090519033) (1090519025)
Protection zone: [0x0000000030000000 - 0x0000000030010000), (65536 bytes)

GC Precious Log:
 CardTable entry size: 512
 Card Set container configuration: InlinePtr #cards 4 size 8 Array Of Cards #cards 16 size 48 Howl #buckets 8 coarsen threshold 3686 Howl Bitmap #cards 512 size 80 coarsen threshold 460 Card regions per heap region 1 cards per card region 4096
 CPUs: 8 total, 8 available
 Memory: 15295M
 Large Page Support: Disabled
 NUMA Support: Disabled
 Compressed Oops: Enabled (Zero based)
 Heap Region Size: 2M
 Heap Min Capacity: 8M
 Heap Initial Capacity: 8M
 Heap Max Capacity: 3824M
 Pre-touch: Disabled
 Parallel Workers: 8
 Concurrent Workers: 2
 Concurrent Refinement Workers: 8
 Periodic GC: Disabled

Heap:
 garbage-first heap   total reserved 3915776K, committed 129024K, used 76263K [0x0000000711000000, 0x0000000800000000)
  region size 2M, 18 eden (36M), 3 survivor (6M), 17 old (34M), 3 humongous (6M), 22 free (44M)

Heap Regions: E=young(eden), S=young(survivor), O=old, HS=humongous(starts), HC=humongous(continues), CS=collection set, F=free, TAMS=top-at-mark-start, PB=parsable bottom
|    0|0x0000000711000000, 0x0000000711200000, 0x0000000711200000|100%| O|  |TAMS 0x0000000711000000| PB 0x0000000711000000| Untracked |  0
|    1|0x0000000711200000, 0x00000007113ffff8, 0x0000000711400000| 99%| O|  |TAMS 0x0000000711200000| PB 0x0000000711200000| Untracked |  0
|    2|0x0000000711400000, 0x00000007115ffff0, 0x0000000711600000| 99%| O|  |TAMS 0x0000000711400000| PB 0x0000000711400000| Untracked |  0
|    3|0x0000000711600000, 0x00000007117fffe0, 0x0000000711800000| 99%| O|  |TAMS 0x0000000711600000| PB 0x0000000711600000| Untracked |  0
|    4|0x0000000711800000, 0x0000000711a00000, 0x0000000711a00000|100%| O|  |TAMS 0x0000000711800000| PB 0x0000000711800000| Untracked |  0
|    5|0x0000000711a00000, 0x0000000711c00000, 0x0000000711c00000|100%| O|  |TAMS 0x0000000711a00000| PB 0x0000000711a00000| Untracked |  0
|    6|0x0000000711c00000, 0x0000000711dffff0, 0x0000000711e00000| 99%| O|  |TAMS 0x0000000711c00000| PB 0x0000000711c00000| Untracked |  0
|    7|0x0000000711e00000, 0x0000000711ffffe8, 0x0000000712000000| 99%| O|  |TAMS 0x0000000711e00000| PB 0x0000000711e00000| Untracked |  0
|    8|0x0000000712000000, 0x00000007121fffc8, 0x0000000712200000| 99%| O|  |TAMS 0x0000000712000000| PB 0x0000000712000000| Untracked |  0
|    9|0x0000000712200000, 0x00000007123045b0, 0x0000000712400000| 50%| O|  |TAMS 0x0000000712200000| PB 0x0000000712200000| Untracked |  0
|   10|0x0000000712400000, 0x00000007125fffa8, 0x0000000712600000| 99%| O|  |TAMS 0x0000000712400000| PB 0x0000000712400000| Untracked |  0
|   11|0x0000000712600000, 0x000000071275f0a8, 0x0000000712800000| 68%| O|  |TAMS 0x0000000712600000| PB 0x0000000712600000| Untracked |  0
|   12|0x0000000712800000, 0x0000000712a00000, 0x0000000712a00000|100%|HS|  |TAMS 0x0000000712800000| PB 0x0000000712800000| Untracked |  0
|   13|0x0000000712a00000, 0x0000000712c00000, 0x0000000712c00000|100%|HC|  |TAMS 0x0000000712a00000| PB 0x0000000712a00000| Untracked |  0
|   14|0x0000000712c00000, 0x0000000712e00000, 0x0000000712e00000|100%|HC|  |TAMS 0x0000000712c00000| PB 0x0000000712c00000| Untracked |  0
|   15|0x0000000712e00000, 0x0000000713000000, 0x0000000713000000|100%| O|  |TAMS 0x0000000712e00000| PB 0x0000000712e00000| Untracked |  0
|   16|0x0000000713000000, 0x00000007131ffa28, 0x0000000713200000| 99%| O|  |TAMS 0x0000000713000000| PB 0x0000000713000000| Untracked |  0
|   17|0x0000000713200000, 0x0000000713200000, 0x0000000713400000|  0%| F|  |TAMS 0x0000000713200000| PB 0x0000000713200000| Untracked |  0
|   18|0x0000000713400000, 0x000000071346dff8, 0x0000000713600000| 21%| O|  |TAMS 0x0000000713400000| PB 0x0000000713400000| Untracked |  0
|   19|0x0000000713600000, 0x0000000713600000, 0x0000000713800000|  0%| F|  |TAMS 0x0000000713600000| PB 0x0000000713600000| Untracked |  0
|   20|0x0000000713800000, 0x00000007138b9e68, 0x0000000713a00000| 36%| O|  |TAMS 0x0000000713800000| PB 0x0000000713800000| Untracked |  0
|   21|0x0000000713a00000, 0x0000000713b30300, 0x0000000713c00000| 59%| O|  |TAMS 0x0000000713a00000| PB 0x0000000713a00000| Untracked |  0
|   22|0x0000000713c00000, 0x0000000713c00000, 0x0000000713e00000|  0%| F|  |TAMS 0x0000000713c00000| PB 0x0000000713c00000| Untracked |  0
|   23|0x0000000713e00000, 0x0000000713e00000, 0x0000000714000000|  0%| F|  |TAMS 0x0000000713e00000| PB 0x0000000713e00000| Untracked |  0
|   24|0x0000000714000000, 0x00000007141beda0, 0x0000000714200000| 87%| S|CS|TAMS 0x0000000714000000| PB 0x0000000714000000| Complete  |  0
|   25|0x0000000714200000, 0x0000000714200000, 0x0000000714400000|  0%| F|  |TAMS 0x0000000714200000| PB 0x0000000714200000| Untracked |  0
|   26|0x0000000714400000, 0x0000000714400000, 0x0000000714600000|  0%| F|  |TAMS 0x0000000714400000| PB 0x0000000714400000| Untracked |  0
|   27|0x0000000714600000, 0x0000000714600000, 0x0000000714800000|  0%| F|  |TAMS 0x0000000714600000| PB 0x0000000714600000| Untracked |  0
|   28|0x0000000714800000, 0x0000000714a00000, 0x0000000714a00000|100%| S|CS|TAMS 0x0000000714800000| PB 0x0000000714800000| Complete  |  0
|   29|0x0000000714a00000, 0x0000000714c00000, 0x0000000714c00000|100%| S|CS|TAMS 0x0000000714a00000| PB 0x0000000714a00000| Complete  |  0
|   30|0x0000000714c00000, 0x0000000714c00000, 0x0000000714e00000|  0%| F|  |TAMS 0x0000000714c00000| PB 0x0000000714c00000| Untracked |  0
|   31|0x0000000714e00000, 0x0000000714e00000, 0x0000000715000000|  0%| F|  |TAMS 0x0000000714e00000| PB 0x0000000714e00000| Untracked |  0
|   32|0x0000000715000000, 0x0000000715000000, 0x0000000715200000|  0%| F|  |TAMS 0x0000000715000000| PB 0x0000000715000000| Untracked |  0
|   33|0x0000000715200000, 0x0000000715200000, 0x0000000715400000|  0%| F|  |TAMS 0x0000000715200000| PB 0x0000000715200000| Untracked |  0
|   34|0x0000000715400000, 0x0000000715400000, 0x0000000715600000|  0%| F|  |TAMS 0x0000000715400000| PB 0x0000000715400000| Untracked |  0
|   35|0x0000000715600000, 0x0000000715600000, 0x0000000715800000|  0%| F|  |TAMS 0x0000000715600000| PB 0x0000000715600000| Untracked |  0
|   36|0x0000000715800000, 0x0000000715800000, 0x0000000715a00000|  0%| F|  |TAMS 0x0000000715800000| PB 0x0000000715800000| Untracked |  0
|   37|0x0000000715a00000, 0x0000000715a00000, 0x0000000715c00000|  0%| F|  |TAMS 0x0000000715a00000| PB 0x0000000715a00000| Untracked |  0
|   38|0x0000000715c00000, 0x0000000715c00000, 0x0000000715e00000|  0%| F|  |TAMS 0x0000000715c00000| PB 0x0000000715c00000| Untracked |  0
|   39|0x0000000715e00000, 0x0000000715e00000, 0x0000000716000000|  0%| F|  |TAMS 0x0000000715e00000| PB 0x0000000715e00000| Untracked |  0
|   40|0x0000000716000000, 0x0000000716000000, 0x0000000716200000|  0%| F|  |TAMS 0x0000000716000000| PB 0x0000000716000000| Untracked |  0
|   41|0x0000000716200000, 0x0000000716200000, 0x0000000716400000|  0%| F|  |TAMS 0x0000000716200000| PB 0x0000000716200000| Untracked |  0
|   42|0x0000000716400000, 0x0000000716400000, 0x0000000716600000|  0%| F|  |TAMS 0x0000000716400000| PB 0x0000000716400000| Untracked |  0
|   43|0x0000000716600000, 0x0000000716600000, 0x0000000716800000|  0%| F|  |TAMS 0x0000000716600000| PB 0x0000000716600000| Untracked |  0
|   44|0x0000000716800000, 0x0000000716800000, 0x0000000716a00000|  0%| F|  |TAMS 0x0000000716800000| PB 0x0000000716800000| Untracked |  0
|   45|0x0000000716a00000, 0x0000000716bb8930, 0x0000000716c00000| 86%| E|CS|TAMS 0x0000000716a00000| PB 0x0000000716a00000| Complete  |  0
|   46|0x0000000716c00000, 0x0000000716e00000, 0x0000000716e00000|100%| E|CS|TAMS 0x0000000716c00000| PB 0x0000000716c00000| Complete  |  0
|   47|0x0000000716e00000, 0x0000000717000000, 0x0000000717000000|100%| E|CS|TAMS 0x0000000716e00000| PB 0x0000000716e00000| Complete  |  0
|   48|0x0000000717000000, 0x0000000717200000, 0x0000000717200000|100%| E|CS|TAMS 0x0000000717000000| PB 0x0000000717000000| Complete  |  0
|   49|0x0000000717200000, 0x0000000717400000, 0x0000000717400000|100%| E|CS|TAMS 0x0000000717200000| PB 0x0000000717200000| Complete  |  0
|   50|0x0000000717400000, 0x0000000717600000, 0x0000000717600000|100%| E|CS|TAMS 0x0000000717400000| PB 0x0000000717400000| Complete  |  0
|   51|0x0000000717600000, 0x0000000717800000, 0x0000000717800000|100%| E|CS|TAMS 0x0000000717600000| PB 0x0000000717600000| Complete  |  0
|   52|0x0000000717800000, 0x0000000717a00000, 0x0000000717a00000|100%| E|CS|TAMS 0x0000000717800000| PB 0x0000000717800000| Complete  |  0
|   53|0x0000000717a00000, 0x0000000717c00000, 0x0000000717c00000|100%| E|CS|TAMS 0x0000000717a00000| PB 0x0000000717a00000| Complete  |  0
|   54|0x0000000717c00000, 0x0000000717e00000, 0x0000000717e00000|100%| E|CS|TAMS 0x0000000717c00000| PB 0x0000000717c00000| Complete  |  0
|   55|0x0000000717e00000, 0x0000000718000000, 0x0000000718000000|100%| E|CS|TAMS 0x0000000717e00000| PB 0x0000000717e00000| Complete  |  0
|   56|0x0000000718000000, 0x0000000718200000, 0x0000000718200000|100%| E|CS|TAMS 0x0000000718000000| PB 0x0000000718000000| Complete  |  0
|   57|0x0000000718200000, 0x0000000718400000, 0x0000000718400000|100%| E|CS|TAMS 0x0000000718200000| PB 0x0000000718200000| Complete  |  0
|   58|0x0000000718400000, 0x0000000718600000, 0x0000000718600000|100%| E|CS|TAMS 0x0000000718400000| PB 0x0000000718400000| Complete  |  0
|   59|0x0000000718600000, 0x0000000718800000, 0x0000000718800000|100%| E|CS|TAMS 0x0000000718600000| PB 0x0000000718600000| Complete  |  0
| 1909|0x00000007ffa00000, 0x00000007ffc00000, 0x00000007ffc00000|100%| E|CS|TAMS 0x00000007ffa00000| PB 0x00000007ffa00000| Complete  |  0
| 1910|0x00000007ffc00000, 0x00000007ffe00000, 0x00000007ffe00000|100%| E|CS|TAMS 0x00000007ffc00000| PB 0x00000007ffc00000| Complete  |  0
| 1911|0x00000007ffe00000, 0x0000000800000000, 0x0000000800000000|100%| E|CS|TAMS 0x00000007ffe00000| PB 0x00000007ffe00000| Complete  |  0

Card table byte_map: [0x000001fb17240000,0x000001fb179c0000] _byte_map_base: 0x000001fb139b8000
Refinement table byte_map: [0x000001fb179c0000,0x000001fb18140000] _byte_map_base: 0x000001fb14138000

Marking Bits: (CMBitMap*) 0x000001fb09b32a50
 Bits: [0x000001fb18140000, 0x000001fb1bd00000)

Polling page: 0x000001fb09790000

Metaspace:
Metaspace        used 67322K, committed 67968K, reserved 1114112K
 class space     used 9190K, committed 9472K, reserved 1048576K

Usage:
  Non-class:     56.77 MB used.
      Class:      8.98 MB used.
       Both:     65.75 MB used.

Virtual space:
  Non-class space:       64.00 MB reserved,      57.12 MB ( 89%) committed,  1 nodes.
      Class space:        1.00 GB reserved,       9.25 MB ( <1%) committed,  1 nodes.
             Both:        1.06 GB reserved,      66.38 MB (  6%) committed. 

Chunk freelists:
   Non-Class:  5.94 MB
       Class:  6.76 MB
        Both:  12.71 MB

MaxMetaspaceSize: unlimited
CompressedClassSpaceSize: 1.00 GB
Initial GC threshold: 21.00 MB
Current GC threshold: 109.00 MB
CDS: on
 - commit_granule_bytes: 65536.
 - commit_granule_words: 8192.
 - virtual_space_node_default_size: 8388608.
 - enlarge_chunks_in_place: 1.
UseCompressedClassPointers 1, UseCompactObjectHeaders 0
Narrow klass pointer bits 32, Max shift 3
Narrow klass base: 0x0000000030000000, Narrow klass shift: 0
Encoding Range: [0x0000000030000000 - 0x0000000130000000), (4294967296 bytes)
Klass Range:    [0x0000000030000000 - 0x0000000071000000), (1090519040 bytes)
Klass ID Range:  [8 - 1090519033) (1090519025)
Protection zone: [0x0000000030000000 - 0x0000000030010000), (65536 bytes)


Internal statistics:

num_allocs_failed_limit: 9.
num_arena_births: 826.
num_arena_deaths: 0.
num_vsnodes_births: 2.
num_vsnodes_deaths: 0.
num_space_committed: 1062.
num_space_uncommitted: 0.
num_chunks_returned_to_freelist: 9.
num_chunks_taken_from_freelist: 3090.
num_chunk_merges: 6.
num_chunk_splits: 2211.
num_chunks_enlarged: 1771.
num_inconsistent_stats: 0.

CodeCache: size=49152Kb used=11398Kb max_used=13062Kb free=37754Kb
 bounds [0x000001fb13460000, 0x000001fb14130000, 0x000001fb16460000]
 total_blobs=9162, nmethods=8416, adapters=671, full_count=0
Compilation: enabled, stopped_count=0, restarted_count=0

Compilation events (20 events):
Event: 461.200 Thread 0x000001fb1e6dfcc0 nmethod 9379 0x000001fb13f20708 code [0x000001fb13f20800, 0x000001fb13f208b8]
Event: 461.200 Thread 0x000001fb1e6dfcc0 9380       1       org.springframework.core.ReactiveTypeDescriptor::getReactiveType (5 bytes)
Event: 461.200 Thread 0x000001fb1e6dfcc0 nmethod 9380 0x000001fb13f20408 code [0x000001fb13f20500, 0x000001fb13f205b8]
Event: 461.200 Thread 0x000001fb1e6dfcc0 9378       1       com.fasterxml.jackson.core.util.TextBuffer::<init> (10 bytes)
Event: 461.201 Thread 0x000001fb1e65ff80 nmethod 9376 0x000001fb13f1fa88 code [0x000001fb13f1fb80, 0x000001fb13f203b8]
Event: 461.201 Thread 0x000001fb1e6dfcc0 nmethod 9378 0x000001fb13f1f788 code [0x000001fb13f1f880, 0x000001fb13f1f988]
Event: 474.273 Thread 0x000001fb1e65ff80 9381       1       org.apache.catalina.core.ContainerBase::getBackgroundProcessorDelay (5 bytes)
Event: 474.273 Thread 0x000001fb1e65ff80 nmethod 9381 0x000001fb13f1f488 code [0x000001fb13f1f580, 0x000001fb13f1f638]
Event: 474.273 Thread 0x000001fb1e65ff80 9382       1       org.apache.catalina.valves.ValveBase::backgroundProcess (1 bytes)
Event: 474.273 Thread 0x000001fb1e65ff80 nmethod 9382 0x000001fb13f1f188 code [0x000001fb13f1f280, 0x000001fb13f1f330]
Event: 498.031 Thread 0x000001fb1e65ff80 9383       1       java.lang.String::<init> (19 bytes)
Event: 498.032 Thread 0x000001fb1e65ff80 nmethod 9383 0x000001fb13f1e408 code [0x000001fb13f1e500, 0x000001fb13f1e950]
Event: 510.654 Thread 0x000001fb1e65ff80 9384       1       com.mysql.cj.protocol.AbstractSocketConnection::getMysqlSocket (5 bytes)
Event: 510.655 Thread 0x000001fb1e65ff80 nmethod 9384 0x000001fb13f1e108 code [0x000001fb13f1e200, 0x000001fb13f1e2b8]
Event: 510.659 Thread 0x000001fb1e65ff80 9385       1       com.mysql.cj.jdbc.result.ResultSetMetaData::getField (38 bytes)
Event: 510.659 Thread 0x000001fb1e65ff80 nmethod 9385 0x000001fb13f1de08 code [0x000001fb13f1df00, 0x000001fb13f1e078]
Event: 510.660 Thread 0x000001fb1e65ff80 9386       1       java.lang.AbstractStringBuilder::appendNull (76 bytes)
Event: 510.661 Thread 0x000001fb1e65ff80 nmethod 9386 0x000001fb13f1d988 code [0x000001fb13f1da80, 0x000001fb13f1ddc0]
Event: 510.661 Thread 0x000001fb1e65ff80 9387       1       java.lang.StringLatin1::putCharsAt (29 bytes)
Event: 510.661 Thread 0x000001fb1e65ff80 nmethod 9387 0x000001fb13f1d688 code [0x000001fb13f1d780, 0x000001fb13f1d878]

GC Heap Usage History (20 events):
Event: 29.050 {heap Before GC invocations=16 (full 0):
 garbage-first heap   total reserved 3915776K, committed 43008K, used 36573K [0x0000000711000000, 0x0000000800000000)
  region size 2M, 10 eden (20M), 2 survivor (4M), 6 old (12M), 0 humongous (0M), 3 free (6M)
}
Event: 29.055 {heap After GC invocations=17 (full 0):
 garbage-first heap   total reserved 3915776K, committed 43008K, used 17822K [0x0000000711000000, 0x0000000800000000)
  region size 2M, 0 eden (0M), 2 survivor (4M), 7 old (14M), 0 humongous (0M), 12 free (24M)
}
Event: 29.458 {heap Before GC invocations=17 (full 0):
 garbage-first heap   total reserved 3915776K, committed 43008K, used 36254K [0x0000000711000000, 0x0000000800000000)
  region size 2M, 9 eden (18M), 2 survivor (4M), 7 old (14M), 0 humongous (0M), 3 free (6M)
}
Event: 29.463 {heap After GC invocations=18 (full 0):
 garbage-first heap   total reserved 3915776K, committed 43008K, used 19557K [0x0000000711000000, 0x0000000800000000)
  region size 2M, 0 eden (0M), 2 survivor (4M), 8 old (16M), 0 humongous (0M), 11 free (22M)
}
Event: 29.783 {heap Before GC invocations=18 (full 0):
 garbage-first heap   total reserved 3915776K, committed 43008K, used 35941K [0x0000000711000000, 0x0000000800000000)
  region size 2M, 8 eden (16M), 2 survivor (4M), 8 old (16M), 0 humongous (0M), 3 free (6M)
}
Event: 29.787 {heap After GC invocations=19 (full 0):
 garbage-first heap   total reserved 3915776K, committed 43008K, used 20523K [0x0000000711000000, 0x0000000800000000)
  region size 2M, 0 eden (0M), 2 survivor (4M), 9 old (18M), 0 humongous (0M), 10 free (20M)
}
Event: 29.932 {heap Before GC invocations=19 (full 0):
 garbage-first heap   total reserved 3915776K, committed 43008K, used 24619K [0x0000000711000000, 0x0000000800000000)
  region size 2M, 3 eden (6M), 2 survivor (4M), 9 old (18M), 0 humongous (0M), 7 free (14M)
}
Event: 29.935 {heap After GC invocations=20 (full 0):
 garbage-first heap   total reserved 3915776K, committed 43008K, used 20952K [0x0000000711000000, 0x0000000800000000)
  region size 2M, 0 eden (0M), 1 survivor (2M), 10 old (20M), 0 humongous (0M), 10 free (20M)
}
Event: 30.253 {heap Before GC invocations=21 (full 0):
 garbage-first heap   total reserved 3915776K, committed 43008K, used 37336K [0x0000000711000000, 0x0000000800000000)
  region size 2M, 8 eden (16M), 1 survivor (2M), 10 old (20M), 0 humongous (0M), 2 free (4M)
}
Event: 30.257 {heap After GC invocations=22 (full 0):
 garbage-first heap   total reserved 3915776K, committed 129024K, used 21611K [0x0000000711000000, 0x0000000800000000)
  region size 2M, 0 eden (0M), 2 survivor (4M), 10 old (20M), 0 humongous (0M), 51 free (102M)
}
Event: 31.673 {heap Before GC invocations=22 (full 0):
 garbage-first heap   total reserved 3915776K, committed 129024K, used 93291K [0x0000000711000000, 0x0000000800000000)
  region size 2M, 35 eden (70M), 2 survivor (4M), 10 old (20M), 0 humongous (0M), 16 free (32M)
}
Event: 31.684 {heap After GC invocations=23 (full 0):
 garbage-first heap   total reserved 3915776K, committed 129024K, used 27826K [0x0000000711000000, 0x0000000800000000)
  region size 2M, 0 eden (0M), 5 survivor (10M), 10 old (20M), 0 humongous (0M), 48 free (96M)
}
Event: 52.846 {heap Before GC invocations=23 (full 0):
 garbage-first heap   total reserved 3915776K, committed 129024K, used 83122K [0x0000000711000000, 0x0000000800000000)
  region size 2M, 29 eden (58M), 5 survivor (10M), 10 old (20M), 0 humongous (0M), 19 free (38M)
}
Event: 52.858 {heap After GC invocations=24 (full 0):
 garbage-first heap   total reserved 3915776K, committed 129024K, used 33335K [0x0000000711000000, 0x0000000800000000)
  region size 2M, 0 eden (0M), 3 survivor (6M), 14 old (28M), 0 humongous (0M), 46 free (92M)
}
Event: 282.108 {heap Before GC invocations=25 (full 0):
 garbage-first heap   total reserved 3915776K, committed 129024K, used 80439K [0x0000000711000000, 0x0000000800000000)
  region size 2M, 22 eden (44M), 3 survivor (6M), 14 old (28M), 3 humongous (6M), 21 free (42M)
}
Event: 282.164 {heap After GC invocations=26 (full 1):
 garbage-first heap   total reserved 3915776K, committed 129024K, used 35564K [0x0000000711000000, 0x0000000800000000)
  region size 2M, 0 eden (0M), 0 survivor (0M), 17 old (34M), 3 humongous (6M), 43 free (86M)
}
Event: 287.148 {heap Before GC invocations=26 (full 1):
 garbage-first heap   total reserved 3915776K, committed 129024K, used 105196K [0x0000000711000000, 0x0000000800000000)
  region size 2M, 35 eden (70M), 0 survivor (0M), 17 old (34M), 3 humongous (6M), 8 free (16M)
}
Event: 287.156 {heap After GC invocations=27 (full 1):
 garbage-first heap   total reserved 3915776K, committed 129024K, used 40806K [0x0000000711000000, 0x0000000800000000)
  region size 2M, 0 eden (0M), 3 survivor (6M), 17 old (34M), 3 humongous (6M), 40 free (80M)
}
Event: 288.430 {heap Before GC invocations=27 (full 1):
 garbage-first heap   total reserved 3915776K, committed 129024K, used 106342K [0x0000000711000000, 0x0000000800000000)
  region size 2M, 33 eden (66M), 3 survivor (6M), 17 old (34M), 3 humongous (6M), 7 free (14M)
}
Event: 288.436 {heap After GC invocations=28 (full 1):
 garbage-first heap   total reserved 3915776K, committed 129024K, used 41447K [0x0000000711000000, 0x0000000800000000)
  region size 2M, 0 eden (0M), 3 survivor (6M), 17 old (34M), 3 humongous (6M), 40 free (80M)
}

Metaspace Usage History (20 events):
Event: 29.050 {metaspace Before GC invocations=16 (full 0):
 Metaspace       used 28844K, committed 29248K, reserved 1114112K
  class space    used 4031K, committed 4224K, reserved 1048576K
}
Event: 29.055 {metaspace After GC invocations=17 (full 0):
 Metaspace       used 28844K, committed 29248K, reserved 1114112K
  class space    used 4031K, committed 4224K, reserved 1048576K
}
Event: 29.458 {metaspace Before GC invocations=17 (full 0):
 Metaspace       used 31358K, committed 31744K, reserved 1114112K
  class space    used 4377K, committed 4544K, reserved 1048576K
}
Event: 29.463 {metaspace After GC invocations=18 (full 0):
 Metaspace       used 31358K, committed 31744K, reserved 1114112K
  class space    used 4377K, committed 4544K, reserved 1048576K
}
Event: 29.783 {metaspace Before GC invocations=18 (full 0):
 Metaspace       used 33309K, committed 33728K, reserved 1114112K
  class space    used 4682K, committed 4864K, reserved 1048576K
}
Event: 29.787 {metaspace After GC invocations=19 (full 0):
 Metaspace       used 33309K, committed 33728K, reserved 1114112K
  class space    used 4682K, committed 4864K, reserved 1048576K
}
Event: 29.932 {metaspace Before GC invocations=19 (full 0):
 Metaspace       used 35795K, committed 36096K, reserved 1114112K
  class space    used 4986K, committed 5120K, reserved 1048576K
}
Event: 29.935 {metaspace After GC invocations=20 (full 0):
 Metaspace       used 35795K, committed 36096K, reserved 1114112K
  class space    used 4986K, committed 5120K, reserved 1048576K
}
Event: 30.253 {metaspace Before GC invocations=21 (full 0):
 Metaspace       used 37892K, committed 38272K, reserved 1114112K
  class space    used 5310K, committed 5504K, reserved 1048576K
}
Event: 30.257 {metaspace After GC invocations=22 (full 0):
 Metaspace       used 37892K, committed 38272K, reserved 1114112K
  class space    used 5310K, committed 5504K, reserved 1048576K
}
Event: 31.673 {metaspace Before GC invocations=22 (full 0):
 Metaspace       used 46783K, committed 47296K, reserved 1114112K
  class space    used 6539K, committed 6784K, reserved 1048576K
}
Event: 31.684 {metaspace After GC invocations=23 (full 0):
 Metaspace       used 46783K, committed 47296K, reserved 1114112K
  class space    used 6539K, committed 6784K, reserved 1048576K
}
Event: 52.846 {metaspace Before GC invocations=23 (full 0):
 Metaspace       used 60239K, committed 60736K, reserved 1114112K
  class space    used 8276K, committed 8512K, reserved 1048576K
}
Event: 52.858 {metaspace After GC invocations=24 (full 0):
 Metaspace       used 60239K, committed 60736K, reserved 1114112K
  class space    used 8276K, committed 8512K, reserved 1048576K
}
Event: 282.108 {metaspace Before GC invocations=25 (full 0):
 Metaspace       used 66304K, committed 66944K, reserved 1114112K
  class space    used 9092K, committed 9344K, reserved 1048576K
}
Event: 282.164 {metaspace After GC invocations=26 (full 1):
 Metaspace       used 66304K, committed 66944K, reserved 1114112K
  class space    used 9092K, committed 9344K, reserved 1048576K
}
Event: 287.148 {metaspace Before GC invocations=26 (full 1):
 Metaspace       used 66832K, committed 67520K, reserved 1114112K
  class space    used 9153K, committed 9472K, reserved 1048576K
}
Event: 287.156 {metaspace After GC invocations=27 (full 1):
 Metaspace       used 66832K, committed 67520K, reserved 1114112K
  class space    used 9153K, committed 9472K, reserved 1048576K
}
Event: 288.430 {metaspace Before GC invocations=27 (full 1):
 Metaspace       used 67293K, committed 67968K, reserved 1114112K
  class space    used 9185K, committed 9472K, reserved 1048576K
}
Event: 288.436 {metaspace After GC invocations=28 (full 1):
 Metaspace       used 67293K, committed 67968K, reserved 1114112K
  class space    used 9185K, committed 9472K, reserved 1048576K
}

Dll operation events (20 events):
Event: 0.023 Attempting to load shared library C:\Program Files\Java\jdk-26\bin\java.dll
Event: 0.027 Loaded shared library C:\Program Files\Java\jdk-26\bin\java.dll
Event: 0.462 Attempting to load shared library C:\Program Files\Java\jdk-26\bin\jimage.dll
Event: 0.462 Loaded shared library C:\Program Files\Java\jdk-26\bin\jimage.dll
Event: 0.478 Attempting to load shared library C:\Program Files\Java\jdk-26\bin\net.dll
Event: 0.479 Loaded shared library C:\Program Files\Java\jdk-26\bin\net.dll
Event: 0.484 Attempting to load shared library C:\Program Files\Java\jdk-26\bin\nio.dll
Event: 0.485 Loaded shared library C:\Program Files\Java\jdk-26\bin\nio.dll
Event: 0.695 Attempting to load shared library C:\Program Files\Java\jdk-26\bin\zip.dll
Event: 0.697 Loaded shared library C:\Program Files\Java\jdk-26\bin\zip.dll
Event: 25.457 Attempting to load shared library C:\Program Files\Java\jdk-26\bin\management.dll
Event: 25.458 Loaded shared library C:\Program Files\Java\jdk-26\bin\management.dll
Event: 25.621 Attempting to load shared library C:\Program Files\Java\jdk-26\bin\management_ext.dll
Event: 25.622 Loaded shared library C:\Program Files\Java\jdk-26\bin\management_ext.dll
Event: 25.939 Attempting to load shared library C:\Program Files\Java\jdk-26\bin\extnet.dll
Event: 25.940 Loaded shared library C:\Program Files\Java\jdk-26\bin\extnet.dll
Event: 27.314 Attempting to load shared library C:\Program Files\Java\jdk-26\bin\sunmscapi.dll
Event: 27.318 Loaded shared library C:\Program Files\Java\jdk-26\bin\sunmscapi.dll
Event: 510.677 Attempting to load shared library C:\Users\22097\AppData\Local\Temp\idea_libasyncProfiler_dll_temp_folder3\libasyncProfiler.dll
Event: 510.677 Loaded shared library C:\Users\22097\AppData\Local\Temp\idea_libasyncProfiler_dll_temp_folder3\libasyncProfiler.dll

Deoptimization events (20 events):
Event: 293.650 Thread 0x000001fb2345e6b0 DEOPT PACKING pc=0x000001fb13f9d89c sp=0x000000addc6fe8b0
Event: 293.650 Thread 0x000001fb2345e6b0 DEOPT UNPACKING pc=0x000001fb134b1a02 sp=0x000000addc6fde38 mode 1
Event: 293.650 Thread 0x000001fb2345e6b0 DEOPT PACKING pc=0x000001fb13f9c764 sp=0x000000addc6fea20
Event: 293.650 Thread 0x000001fb2345e6b0 DEOPT UNPACKING pc=0x000001fb134b1a02 sp=0x000000addc6fdec8 mode 1
Event: 293.650 Thread 0x000001fb2345e6b0 DEOPT PACKING pc=0x000001fb13f9d89c sp=0x000000addc6febc0
Event: 293.650 Thread 0x000001fb2345e6b0 DEOPT UNPACKING pc=0x000001fb134b1a02 sp=0x000000addc6fe148 mode 1
Event: 293.650 Thread 0x000001fb2345e6b0 DEOPT PACKING pc=0x000001fb13f9c764 sp=0x000000addc6fed30
Event: 293.650 Thread 0x000001fb2345e6b0 DEOPT UNPACKING pc=0x000001fb134b1a02 sp=0x000000addc6fe1d8 mode 1
Event: 462.578 Thread 0x000001fb234605f0 DEOPT PACKING pc=0x000001fb13a6b9ec sp=0x000000addc7fb4d0
Event: 462.578 Thread 0x000001fb234605f0 DEOPT UNPACKING pc=0x000001fb134b1a02 sp=0x000000addc7faa30 mode 1
Event: 462.578 Thread 0x000001fb234605f0 DEOPT PACKING pc=0x000001fb13a6b10c sp=0x000000addc7fb5f0
Event: 462.578 Thread 0x000001fb234605f0 DEOPT UNPACKING pc=0x000001fb134b1a02 sp=0x000000addc7fab40 mode 1
Event: 462.578 Thread 0x000001fb234605f0 DEOPT PACKING pc=0x000001fb13a6c3b4 sp=0x000000addc7fb700
Event: 462.578 Thread 0x000001fb234605f0 DEOPT UNPACKING pc=0x000001fb134b1a02 sp=0x000000addc7fac60 mode 1
Event: 510.636 Thread 0x000001fb234605f0 DEOPT PACKING pc=0x000001fb13896291 sp=0x000000addc7fb000
Event: 510.636 Thread 0x000001fb234605f0 DEOPT UNPACKING pc=0x000001fb134b1a02 sp=0x000000addc7fa4a8 mode 1
Event: 510.636 Thread 0x000001fb234605f0 DEOPT PACKING pc=0x000001fb13895eec sp=0x000000addc7fb060
Event: 510.636 Thread 0x000001fb234605f0 DEOPT UNPACKING pc=0x000001fb134b1a02 sp=0x000000addc7fa508 mode 1
Event: 510.636 Thread 0x000001fb234605f0 DEOPT PACKING pc=0x000001fb138ebbdc sp=0x000000addc7fb990
Event: 510.636 Thread 0x000001fb234605f0 DEOPT UNPACKING pc=0x000001fb134b1a02 sp=0x000000addc7fae30 mode 1

Classes loaded (20 events):
Event: 134.907 Loading class java/util/stream/ReferencePipeline$4$1
Event: 134.907 Loading class java/util/stream/ReferencePipeline$4$1 done
Event: 134.912 Loading class java/lang/Throwable$WrappedPrintWriter
Event: 134.912 Loading class java/lang/Throwable$PrintStreamOrWriter
Event: 134.912 Loading class java/lang/Throwable$PrintStreamOrWriter done
Event: 134.912 Loading class java/lang/Throwable$WrappedPrintWriter done
Event: 282.076 Loading class sun/security/ssl/Alert
Event: 282.077 Loading class sun/security/ssl/Alert done
Event: 282.077 Loading class sun/security/ssl/Alert$AlertConsumer
Event: 282.077 Loading class sun/security/ssl/Alert$AlertConsumer done
Event: 282.077 Loading class sun/security/ssl/Alert$Level
Event: 282.078 Loading class sun/security/ssl/Alert$Level done
Event: 282.079 Loading class sun/net/ConnectionResetException
Event: 282.079 Loading class sun/net/ConnectionResetException done
Event: 282.106 Loading class java/util/WeakHashMap$KeyIterator
Event: 282.106 Loading class java/util/WeakHashMap$KeyIterator done
Event: 282.165 Loading class java/lang/ref/Finalizer$1
Event: 282.165 Loading class java/lang/ref/Finalizer$1 done
Event: 283.465 Loading class java/lang/invoke/WrongMethodTypeException
Event: 283.465 Loading class java/lang/invoke/WrongMethodTypeException done

Classes unloaded (0 events):
No events

Classes redefined (0 events):
No events

Internal exceptions (20 events):
Event: 282.973 Thread 0x000001fb2345b7d0 Exception <a 'java/lang/NoClassDefFoundError'{0x000000071705ef30}: jakarta/persistence/EntityManagerFactory> (0x000000071705ef30) 
thrown [s\open\src\hotspot\share\oops\constantPool.cpp, line 1006]
Event: 283.089 Thread 0x000001fb2345b7d0 Exception <a 'java/io/FileNotFoundException'{0x0000000716b2be00}> (0x0000000716b2be00) 
thrown [s\open\src\hotspot\share\prims\jni.cpp, line 514]
Event: 283.150 Thread 0x000001fb2345b7d0 Exception <a 'java/io/FileNotFoundException'{0x00000007168cdf90}> (0x00000007168cdf90) 
thrown [s\open\src\hotspot\share\prims\jni.cpp, line 514]
Event: 283.379 Thread 0x000001fb2345f650 Exception <a 'java/lang/InterruptedException'{0x00000007154eefe0}: sleep interrupted> (0x00000007154eefe0) 
thrown [s\open\src\hotspot\share\prims\jvm.cpp, line 2873]
Event: 283.390 Thread 0x000001fb2345e6b0 Exception <a 'java/lang/InterruptedException'{0x000000071693eaa8}: sleep interrupted> (0x000000071693eaa8) 
thrown [s\open\src\hotspot\share\prims\jvm.cpp, line 2873]
Event: 283.453 Thread 0x000001fb2345b7d0 Exception <a 'java/lang/NoClassDefFoundError'{0x00000007151322b8}: liquibase/exception/ChangeLogParseException> (0x00000007151322b8) 
thrown [s\open\src\hotspot\share\classfile\systemDictionary.cpp, line 318]
Event: 283.456 Thread 0x000001fb2345b7d0 Exception <a 'java/lang/NoClassDefFoundError'{0x0000000715149410}: org/jooq/DSLContext> (0x0000000715149410) 
thrown [s\open\src\hotspot\share\classfile\systemDictionary.cpp, line 318]
Event: 283.457 Thread 0x000001fb2345b7d0 Exception <a 'java/lang/NoClassDefFoundError'{0x000000071514aad8}: io/r2dbc/spi/ConnectionFactory> (0x000000071514aad8) 
thrown [s\open\src\hotspot\share\classfile\systemDictionary.cpp, line 318]
Event: 286.960 Thread 0x000001fb24c4edf0 Exception <a 'sun/nio/fs/WindowsException'{0x0000000714e132f0}> (0x0000000714e132f0) 
thrown [s\open\src\hotspot\share\prims\jni.cpp, line 514]
Event: 287.613 Thread 0x000001fb24c4edf0 Exception <a 'java/lang/NoClassDefFoundError'{0x0000000717bd9c68}: org/flywaydb/core/Flyway> (0x0000000717bd9c68) 
thrown [s\open\src\hotspot\share\oops\constantPool.cpp, line 1006]
Event: 287.613 Thread 0x000001fb24c4edf0 Exception <a 'java/lang/NoClassDefFoundError'{0x0000000717bda2c8}: liquibase/integration/spring/SpringLiquibase> (0x0000000717bda2c8) 
thrown [s\open\src\hotspot\share\oops\constantPool.cpp, line 1006]
Event: 287.617 Thread 0x000001fb24c4edf0 Exception <a 'java/lang/NoClassDefFoundError'{0x0000000717bf7820}: org/springframework/batch/core/repository/JobRepository> (0x0000000717bf7820) 
thrown [s\open\src\hotspot\share\oops\constantPool.cpp, line 1006]
Event: 287.617 Thread 0x000001fb24c4edf0 Exception <a 'java/lang/NoClassDefFoundError'{0x0000000717bf7e78}: org/quartz/Scheduler> (0x0000000717bf7e78) 
thrown [s\open\src\hotspot\share\oops\constantPool.cpp, line 1006]
Event: 287.617 Thread 0x000001fb24c4edf0 Exception <a 'java/lang/NoClassDefFoundError'{0x0000000717bf84f8}: org/springframework/session/jdbc/JdbcIndexedSessionRepository> (0x0000000717bf84f8) 
thrown [s\open\src\hotspot\share\oops\constantPool.cpp, line 1006]
Event: 287.618 Thread 0x000001fb24c4edf0 Exception <a 'java/lang/NoClassDefFoundError'{0x0000000717807c10}: org/jooq/DSLContext> (0x0000000717807c10) 
thrown [s\open\src\hotspot\share\oops\constantPool.cpp, line 1006]
Event: 287.619 Thread 0x000001fb24c4edf0 Exception <a 'java/lang/NoClassDefFoundError'{0x00000007178094b0}: jakarta/persistence/EntityManagerFactory> (0x00000007178094b0) 
thrown [s\open\src\hotspot\share\oops\constantPool.cpp, line 1006]
Event: 287.727 Thread 0x000001fb24c4edf0 Exception <a 'java/io/FileNotFoundException'{0x00000007172b4728}> (0x00000007172b4728) 
thrown [s\open\src\hotspot\share\prims\jni.cpp, line 514]
Event: 287.787 Thread 0x000001fb24c4edf0 Exception <a 'java/io/FileNotFoundException'{0x0000000717058bc8}> (0x0000000717058bc8) 
thrown [s\open\src\hotspot\share\prims\jni.cpp, line 514]
Event: 288.757 Thread 0x000001fb2345b7d0 Exception <a 'java/lang/ClassCastException'{0x0000000717de0c28}: class java.lang.Long cannot be cast to class java.lang.String (java.lang.Long and java.lang.String are in module java.base of loader 'bootstrap')> (0x0000000717de0c28) 
thrown [s\open\src\hotspot\share\interpreter\interpreterRuntime.cpp, line 436]
Event: 293.638 Thread 0x000001fb2345e6b0 Exception <a 'java/lang/ClassCastException'{0x0000000717ed0610}: class java.lang.Long cannot be cast to class java.lang.String (java.lang.Long and java.lang.String are in module java.base of loader 'bootstrap')> (0x0000000717ed0610) 
thrown [s\open\src\hotspot\share\interpreter\interpreterRuntime.cpp, line 436]

VM Operations (20 events):
Event: 510.736 Executing safepoint VM operation: get/set locals
Event: 510.736 Executing safepoint VM operation: get/set locals done
Event: 510.738 Executing safepoint VM operation: get/set locals
Event: 510.738 Executing safepoint VM operation: get/set locals done
Event: 510.741 Executing safepoint VM operation: get/set locals
Event: 510.741 Executing safepoint VM operation: get/set locals done
Event: 510.743 Executing safepoint VM operation: get/set locals
Event: 510.743 Executing safepoint VM operation: get/set locals done
Event: 510.745 Executing safepoint VM operation: get/set locals
Event: 510.745 Executing safepoint VM operation: get/set locals done
Event: 510.747 Executing safepoint VM operation: get/set locals
Event: 510.747 Executing safepoint VM operation: get/set locals done
Event: 510.750 Executing safepoint VM operation: get/set locals
Event: 510.750 Executing safepoint VM operation: get/set locals done
Event: 510.752 Executing safepoint VM operation: get/set locals
Event: 510.752 Executing safepoint VM operation: get/set locals done
Event: 510.754 Executing safepoint VM operation: get/set locals
Event: 510.754 Executing safepoint VM operation: get/set locals done
Event: 510.757 Executing safepoint VM operation: get/set locals
Event: 510.757 Executing safepoint VM operation: get/set locals done

Memory protections (0 events):
No events

Nmethod flushes (20 events):
Event: 282.129 Thread 0x000001fb09c74300 flushing  nmethod 0x000001fb13a0e388
Event: 282.129 Thread 0x000001fb09c74300 flushing  nmethod 0x000001fb13a0e708
Event: 282.129 Thread 0x000001fb09c74300 flushing  nmethod 0x000001fb13a0ef88
Event: 282.129 Thread 0x000001fb09c74300 flushing  nmethod 0x000001fb13a1b988
Event: 282.129 Thread 0x000001fb09c74300 flushing  nmethod 0x000001fb13a64c88
Event: 282.129 Thread 0x000001fb09c74300 flushing  nmethod 0x000001fb13a65508
Event: 282.129 Thread 0x000001fb09c74300 flushing  nmethod 0x000001fb13a66088
Event: 282.129 Thread 0x000001fb09c74300 flushing  nmethod 0x000001fb13a67c88
Event: 282.129 Thread 0x000001fb09c74300 flushing  nmethod 0x000001fb13a8f788
Event: 282.129 Thread 0x000001fb09c74300 flushing  nmethod 0x000001fb13a8fa88
Event: 282.129 Thread 0x000001fb09c74300 flushing  nmethod 0x000001fb13aa7808
Event: 282.129 Thread 0x000001fb09c74300 flushing  nmethod 0x000001fb13aa9c08
Event: 282.129 Thread 0x000001fb09c74300 flushing  nmethod 0x000001fb13ac3008
Event: 282.129 Thread 0x000001fb09c74300 flushing  nmethod 0x000001fb13ac3988
Event: 282.129 Thread 0x000001fb09c74300 flushing  nmethod 0x000001fb13bf8f88
Event: 282.129 Thread 0x000001fb09c74300 flushing  nmethod 0x000001fb13c3c988
Event: 282.129 Thread 0x000001fb09c74300 flushing  nmethod 0x000001fb13c3f288
Event: 282.129 Thread 0x000001fb09c74300 flushing  nmethod 0x000001fb13c3f688
Event: 282.129 Thread 0x000001fb09c74300 flushing  nmethod 0x000001fb13d39e08
Event: 282.129 Thread 0x000001fb09c74300 flushing  nmethod 0x000001fb13d61c88

Events (20 events):
Event: 288.633 Thread 0x000001fb24c4edf0 Thread added: 0x000001fb23a16d20
Event: 288.634 Thread 0x000001fb24c4edf0 Thread added: 0x000001fb23a17cc0
Event: 288.634 Thread 0x000001fb24c4edf0 Thread added: 0x000001fb25f7b230
Event: 288.635 Thread 0x000001fb24c4edf0 Thread added: 0x000001fb25f7d170
Event: 288.635 Thread 0x000001fb24c4edf0 Thread added: 0x000001fb1e65aea0
Event: 288.638 Thread 0x000001fb24c4edf0 Thread added: 0x000001fb26328f00
Event: 288.638 Thread 0x000001fb24c4edf0 Thread added: 0x000001fb2632cd80
Event: 288.647 Thread 0x000001fb24c4edf0 Thread exited: 0x000001fb24c4edf0
Event: 288.647 Thread 0x000001fb25f7e8e0 Thread exited: 0x000001fb25f7e8e0
Event: 288.700 Thread 0x000001fb2345b7d0 Thread added: 0x000001fb2632d550
Event: 288.748 Thread 0x000001fb2345b7d0 Thread added: 0x000001fb2632dd20
Event: 288.851 Thread 0x000001fb2632dd20 Thread added: 0x000001fb2632f490
Event: 289.125 Thread 0x000001fb237538e0 Thread added: 0x000001fb263a3820
Event: 289.125 Thread 0x000001fb237538e0 Thread added: 0x000001fb263a4020
Event: 294.418 Thread 0x000001fb2632f490 Thread exited: 0x000001fb2632f490
Event: 299.659 Thread 0x000001fb263a4020 Thread exited: 0x000001fb263a4020
Event: 304.660 Thread 0x000001fb263a3820 Thread exited: 0x000001fb263a3820
Event: 309.661 Thread 0x000001fb237538e0 Thread exited: 0x000001fb237538e0
Event: 461.199 Thread 0x000001fb1e65ff80 Thread added: 0x000001fb1e6dfcc0
Event: 466.205 Thread 0x000001fb1e6dfcc0 Thread exited: 0x000001fb1e6dfcc0


Dynamic libraries:
0x00007ff675250000 - 0x00007ff675260000 	C:\Program Files\Java\jdk-26\bin\java.exe
0x00007fff8a7e0000 - 0x00007fff8aa47000 	C:\WINDOWS\SYSTEM32\ntdll.dll
0x00007fff88800000 - 0x00007fff888c9000 	C:\WINDOWS\System32\KERNEL32.DLL
0x00007fff87440000 - 0x00007fff87834000 	C:\WINDOWS\System32\KERNELBASE.dll
0x00007fff88360000 - 0x00007fff884ab000 	C:\WINDOWS\System32\ucrtbase.dll
0x00007fff79050000 - 0x00007fff7906e000 	C:\Program Files\Java\jdk-26\bin\VCRUNTIME140.dll
0x00007fff78c30000 - 0x00007fff78c47000 	C:\Program Files\Java\jdk-26\bin\jli.dll
0x00007fff895a0000 - 0x00007fff89765000 	C:\WINDOWS\System32\USER32.dll
0x00007fff76210000 - 0x00007fff764a3000 	C:\WINDOWS\WinSxS\amd64_microsoft.windows.common-controls_6595b64144ccf1df_6.0.26100.8115_none_3e075c82e3354f9c\COMCTL32.dll
0x00007fff870b0000 - 0x00007fff870d7000 	C:\WINDOWS\System32\win32u.dll
0x00007fff8a320000 - 0x00007fff8a3c9000 	C:\WINDOWS\System32\msvcrt.dll
0x00007fff889e0000 - 0x00007fff88a0b000 	C:\WINDOWS\System32\GDI32.dll
0x00007fff87260000 - 0x00007fff8738b000 	C:\WINDOWS\System32\gdi32full.dll
0x00007fff88220000 - 0x00007fff882c3000 	C:\WINDOWS\System32\msvcp_win.dll
0x00007fff8a760000 - 0x00007fff8a792000 	C:\WINDOWS\System32\IMM32.DLL
0x00007fff7d880000 - 0x00007fff7d88c000 	C:\Program Files\Java\jdk-26\bin\vcruntime140_1.dll
0x00007ffefe120000 - 0x00007ffefe1ad000 	C:\Program Files\Java\jdk-26\bin\msvcp140.dll
0x00007ffed7f30000 - 0x00007ffed8dfe000 	C:\Program Files\Java\jdk-26\bin\server\jvm.dll
0x00007fff89390000 - 0x00007fff89446000 	C:\WINDOWS\System32\ADVAPI32.dll
0x00007fff8a270000 - 0x00007fff8a317000 	C:\WINDOWS\System32\sechost.dll
0x00007fff89060000 - 0x00007fff89178000 	C:\WINDOWS\System32\RPCRT4.dll
0x00007fff888d0000 - 0x00007fff88950000 	C:\WINDOWS\System32\WS2_32.dll
0x00007fff86f30000 - 0x00007fff86f8e000 	C:\WINDOWS\SYSTEM32\POWRPROF.dll
0x00007fff7f870000 - 0x00007fff7f8a6000 	C:\WINDOWS\SYSTEM32\WINMM.dll
0x00007fff7f8b0000 - 0x00007fff7f8bb000 	C:\WINDOWS\SYSTEM32\VERSION.dll
0x00007fff86f10000 - 0x00007fff86f24000 	C:\WINDOWS\SYSTEM32\UMPDC.dll
0x00007fff85e00000 - 0x00007fff85e1b000 	C:\WINDOWS\SYSTEM32\kernel.appcore.dll
0x00007fff7d540000 - 0x00007fff7d54a000 	C:\Program Files\Java\jdk-26\bin\jimage.dll
0x00007fff84b50000 - 0x00007fff84d92000 	C:\WINDOWS\SYSTEM32\DBGHELP.DLL
0x00007fff8a3d0000 - 0x00007fff8a752000 	C:\WINDOWS\System32\combase.dll
0x00007fff894c0000 - 0x00007fff89598000 	C:\WINDOWS\System32\OLEAUT32.dll
0x00007fff75250000 - 0x00007fff7528b000 	C:\WINDOWS\SYSTEM32\dbgcore.DLL
0x00007fff87390000 - 0x00007fff87435000 	C:\WINDOWS\System32\bcryptPrimitives.dll
0x00007fff789d0000 - 0x00007fff78a0d000 	C:\Program Files\Java\jdk-26\bin\jdwp.dll
0x00007ffefb9e0000 - 0x00007ffefbbd8000 	C:\Users\22097\AppData\Local\Temp\idea_libasyncProfiler_dll_temp_folder3\libasyncProfiler.dll
0x00007fff78940000 - 0x00007fff7895f000 	C:\Program Files\Java\jdk-26\bin\java.dll
0x00007fff88a20000 - 0x00007fff88bb7000 	C:\WINDOWS\System32\ole32.dll
0x00007fff89950000 - 0x00007fff8a0b7000 	C:\WINDOWS\System32\SHELL32.dll
0x00007fff880b0000 - 0x00007fff8821a000 	C:\WINDOWS\System32\wintypes.dll
0x00007fff87840000 - 0x00007fff880a8000 	C:\WINDOWS\System32\windows.storage.dll
0x00007fff89290000 - 0x00007fff89388000 	C:\WINDOWS\System32\SHCORE.dll
0x00007fff89450000 - 0x00007fff894b6000 	C:\WINDOWS\System32\shlwapi.dll
0x00007fff86fd0000 - 0x00007fff86ff9000 	C:\WINDOWS\SYSTEM32\profapi.dll
0x00007fff793e0000 - 0x00007fff793ec000 	C:\Program Files\Java\jdk-26\bin\dt_socket.dll
0x00007fff85830000 - 0x00007fff85862000 	C:\WINDOWS\SYSTEM32\IPHLPAPI.DLL
0x00007fff86350000 - 0x00007fff863bc000 	C:\WINDOWS\system32\mswsock.dll
0x00007fff65400000 - 0x00007fff65412000 	C:\Program Files\Java\jdk-26\bin\net.dll
0x00007fff653e0000 - 0x00007fff653f6000 	C:\Program Files\Java\jdk-26\bin\nio.dll
0x00007fff5d150000 - 0x00007fff5d167000 	C:\Program Files\Java\jdk-26\bin\zip.dll
0x00007fff858d0000 - 0x00007fff85a02000 	C:\WINDOWS\SYSTEM32\DNSAPI.dll
0x00007fff8a0c0000 - 0x00007fff8a0ca000 	C:\WINDOWS\System32\NSI.dll
0x00007fff7fe40000 - 0x00007fff7fe4b000 	C:\Windows\System32\rasadhlp.dll
0x00007fff7b670000 - 0x00007fff7b6f6000 	C:\WINDOWS\System32\fwpuclnt.dll
0x00007fff5ceb0000 - 0x00007fff5ceba000 	C:\Program Files\Java\jdk-26\bin\management.dll
0x00007fff5c620000 - 0x00007fff5c62c000 	C:\Program Files\Java\jdk-26\bin\management_ext.dll
0x00007fff89050000 - 0x00007fff89058000 	C:\WINDOWS\System32\PSAPI.DLL
0x00007fff86750000 - 0x00007fff8676b000 	C:\WINDOWS\SYSTEM32\CRYPTSP.dll
0x00007fff85d60000 - 0x00007fff85d99000 	C:\WINDOWS\system32\rsaenh.dll
0x00007fff86400000 - 0x00007fff86433000 	C:\WINDOWS\SYSTEM32\USERENV.dll
0x00007fff86fa0000 - 0x00007fff86fca000 	C:\WINDOWS\SYSTEM32\bcrypt.dll
0x00007fff865b0000 - 0x00007fff865bc000 	C:\WINDOWS\SYSTEM32\CRYPTBASE.dll
0x00007fff6c610000 - 0x00007fff6c628000 	C:\WINDOWS\system32\napinsp.dll
0x00007fff6c700000 - 0x00007fff6c713000 	C:\WINDOWS\System32\winrnr.dll
0x00007fff6c6d0000 - 0x00007fff6c6f2000 	C:\WINDOWS\system32\nlansp_c.dll
0x00007fff7d0d0000 - 0x00007fff7d0e6000 	C:\WINDOWS\system32\wshbth.dll
0x00007fff58ec0000 - 0x00007fff58ec9000 	C:\Program Files\Java\jdk-26\bin\extnet.dll
0x00007fff58db0000 - 0x00007fff58dbe000 	C:\Program Files\Java\jdk-26\bin\sunmscapi.dll
0x00007fff870e0000 - 0x00007fff87257000 	C:\WINDOWS\System32\CRYPT32.dll
0x00007fff868b0000 - 0x00007fff868e0000 	C:\WINDOWS\SYSTEM32\ncrypt.dll
0x00007fff86860000 - 0x00007fff8689f000 	C:\WINDOWS\SYSTEM32\NTASN1.dll
0x00007fff5e4a0000 - 0x00007fff5e4a8000 	C:\WINDOWS\system32\wshunix.dll

JVMTI agents:
jdwp path:C:\Program Files\Java\jdk-26\bin\jdwp.dll, loaded, initialized, options:transport=dt_socket,address=127.0.0.1:60714,suspend=y,server=n
C:\Users\22097\AppData\Local\Temp\idea_libasyncProfiler_dll_temp_folder3\libasyncProfiler.dll path:C:\Users\22097\AppData\Local\Temp\idea_libasyncProfiler_dll_temp_folder3\libasyncProfiler.dll, loaded, initialized, options:version,jfr,event=wall,interval=10ms,cstack=no,file=C:\Users\22097\IdeaSnapshots\ThumbsApplication_2026_05_02_152853.jfr,dbghelppath=C:\Users\22097\AppData\Local\Temp\idea_dbghelp_dll_temp_folder\dbghelp.dll,log=C:\Users\22097\AppData\Local\Temp\ThumbsApplication_2026_05_02_152853.jfr.log.txt,logLevel=DEBUG

dbghelp: loaded successfully - version: 4.0.5 - missing functions: none
symbol engine: initialized successfully - sym options: 0x614 - pdb path: .;C:\Program Files\Java\jdk-26\bin;C:\WINDOWS\SYSTEM32;C:\WINDOWS\WinSxS\amd64_microsoft.windows.common-controls_6595b64144ccf1df_6.0.26100.8115_none_3e075c82e3354f9c;C:\Program Files\Java\jdk-26\bin\server;C:\Users\22097\AppData\Local\Temp\idea_libasyncProfiler_dll_temp_folder3

VM Arguments:
jvm_args: -agentlib:jdwp=transport=dt_socket,address=127.0.0.1:60714,suspend=y,server=n -agentpath:C:\Users\22097\AppData\Local\Temp\idea_libasyncProfiler_dll_temp_folder3\libasyncProfiler.dll=version,jfr,event=wall,interval=10ms,cstack=no,file=C:\Users\22097\IdeaSnapshots\ThumbsApplication_2026_05_02_152853.jfr,dbghelppath=C:\Users\22097\AppData\Local\Temp\idea_dbghelp_dll_temp_folder\dbghelp.dll,log=C:\Users\22097\AppData\Local\Temp\ThumbsApplication_2026_05_02_152853.jfr.log.txt,logLevel=DEBUG -XX:TieredStopAtLevel=1 -Dspring.output.ansi.enabled=always -Dcom.sun.management.jmxremote -Dspring.jmx.enabled=true -Dspring.liveBeansView.mbeanDomain -Dspring.application.admin.enabled=true -Dmanagement.endpoints.jmx.exposure.include=* -Dfile.encoding=UTF-8 -Dsun.stdout.encoding=UTF-8 -Dsun.stderr.encoding=UTF-8 
java_command: com.usst.thumbs.ThumbsApplication
java_class_path (initial): D:\Code\Java\Thumbs\target\classes;C:\Users\22097\.m2\repository\org\springframework\boot\spring-boot-starter-web\3.3.12\spring-boot-starter-web-3.3.12.jar;C:\Users\22097\.m2\repository\org\springframework\boot\spring-boot-starter\3.3.12\spring-boot-starter-3.3.12.jar;C:\Users\22097\.m2\repository\org\springframework\boot\spring-boot-starter-logging\3.3.12\spring-boot-starter-logging-3.3.12.jar;C:\Users\22097\.m2\repository\ch\qos\logback\logback-classic\1.5.18\logback-classic-1.5.18.jar;C:\Users\22097\.m2\repository\ch\qos\logback\logback-core\1.5.18\logback-core-1.5.18.jar;C:\Users\22097\.m2\repository\org\apache\logging\log4j\log4j-to-slf4j\2.23.1\log4j-to-slf4j-2.23.1.jar;C:\Users\22097\.m2\repository\org\apache\logging\log4j\log4j-api\2.23.1\log4j-api-2.23.1.jar;C:\Users\22097\.m2\repository\org\slf4j\jul-to-slf4j\2.0.17\jul-to-slf4j-2.0.17.jar;C:\Users\22097\.m2\repository\jakarta\annotation\jakarta.annotation-api\2.1.1\jakarta.annotation-api-2.1.1.jar;C:\Users\22097\.m2\repository\org\yaml\snakeyaml\2.2\snakeyaml-2.2.jar;C:\Users\22097\.m2\repository\org\springframework\boot\spring-boot-starter-json\3.3.12\spring-boot-starter-json-3.3.12.jar;C:\Users\22097\.m2\repository\com\fasterxml\jackson\core\jackson-databind\2.17.3\jackson-databind-2.17.3.jar;C:\Users\22097\.m2\repository\com\fasterxml\jackson\core\jackson-annotations\2.17.3\jackson-annotations-2.17.3.jar;C:\Users\22097\.m2\repository\com\fasterxml\jackson\core\jackson-core\2.17.3\jackson-core-2.17.3.jar;C:\Users\22097\.m2\repository\com\fasterxml\jackson\datatype\jackson-datatype-jdk8\2.17.3\jackson-datatype-jdk8-2.17.3.jar;C:\Users\22097\.m2\repository\com\fasterxml\jackson\datatype\jackson-datatype-jsr310\2.17.3\jackson-datatype-jsr310-2.17.3.jar;C:\Users\22097\.m2\repository\com\fasterxml\jackson\module\jackson-module-parameter-names\2.17.3\jackson-module-parameter-names-2.17.3.jar;C:\Users\22097\.m2\repository\org\springframework\boot\spring-boot-starter-tomcat\3.3.12\spring-boot-starter-tomcat-3.3.12.jar;C:\Users\22097\.m2\repository\org\apache\tomcat\embed\tomcat-embed-core\10.1.41\tomcat-embed-core-10.1.41.jar;C:\Users\22097\.m2\repository\org\apache\tomcat\embed\tomcat-embed-el\10.1.41\tomcat-embed-el-10.1.41.jar;C:\Users\22097\.m2\repository\org\apache\tomcat\embed\tomcat-embed-websocket\10.1.41\tomcat-embed-websocket-10.1.41.jar;C:\Users\22097\.m2\repository\org\springframework\spring-web\6.1.20\spring-web-6.1.20.jar;C:\Users\22097\.m2\repository\org\springframework\spring-beans\6.1.20\spring-beans-6.1.20.jar;C:\Users\22097\.m2\repository\io\micrometer\micrometer-observation\1.13.14\micrometer-observation-1.13.14.jar;C:\Users\22097\.m2\repository\io\micrometer\micrometer-commons\1.13.14\micrometer-commons-1.13.14.jar;C:\Users\22097\.m2\repository\org\springframework\spring-webmvc\6.1.20\spring-webmvc-6.1.20.jar;C:\Users\22097\.m2\repository\org\springframework\spring-aop\6.1.20\spring-aop-6.1.20.jar;C:\Users\22097\.m2\repository\org\springframework\spring-context\6.1.20\spring-context-6.1.20.jar;C:\Users\22097\.m2\repository\org\springframework\spring-expression\6.1.20\spring-expression-6.1.20.jar;C:\Users\22097\.m2\repository\org\springframework\boot\spring-boot-starter-data-redis\3.3.12\spring-boot-starter-data-redis-3.3.12.jar;C:\Users\22097\.m2\repository\io\lettuce\lettuce-core\6.3.2.RELEASE\lettuce-core-6.3.2.RELEASE.jar;C:\Users\22097\.m2\repository\io\netty\netty-common\4.1.121.Final\netty-common-4.1.121.Final.jar;C:\Users\22097\.m2\repository\io\netty\netty-handler\4.1.121.Final\netty-handler-4.1.121.Final.jar;C:\Users\22097\.m2\repository\io\netty\netty-resolver\4.1.121.Final\netty-resolver-4.1.121.Final.jar;C:\Users\22097\.m2\repository\io\netty\netty-buffer\4.1.121.Final\netty-buffer-4.1.121.Final.jar;C:\Users\22097\.m2\repository\io\netty\netty-transport-native-unix-common\4.1.121.Final\netty-transport-native-unix-common-4.1.121.Final.jar;C:\Users\22097\.m2\repository\io\netty\netty-codec\4.1.121.Final\netty-codec-4.1.121.Final.jar;C:\Users\22097\.m2\repository\io\netty\netty-transport\4.1.121.Final\netty-transport-4.1.121.Final.jar;C:\Users\22097\.m2\repository\io\projectreactor\reactor-core\3.6.17\reactor-core-3.6.17.jar;C:\Users\22097\.m2\repository\org\reactivestreams\reactive-streams\1.0.4\reactive-streams-1.0.4.jar;C:\Users\22097\.m2\repository\org\springframework\data\spring-data-redis\3.3.12\spring-data-redis-3.3.12.jar;C:\Users\22097\.m2\repository\org\springframework\data\spring-data-keyvalue\3.3.12\spring-data-keyvalue-3.3.12.jar;C:\Users\22097\.m2\repository\org\springframework\data\spring-data-commons\3.3.12\spring-data-commons-3.3.12.jar;C:\Users\22097\.m2\repository\org\springframework\spring-tx\6.1.20\spring-tx-6.1.20.jar;C:\Users\22097\.m2\repository\org\springframework\spring-oxm\6.1.20\spring-oxm-6.1.20.jar;C:\Users\22097\.m2\repository\org\springframework\spring-context-support\6.1.20\spring-context-support-6.1.20.jar;C:\Users\22097\.m2\repository\org\slf4j\slf4j-api\2.0.17\slf4j-api-2.0.17.jar;C:\Users\22097\.m2\repository\org\springframework\session\spring-session-data-redis\3.3.7\spring-session-data-redis-3.3.7.jar;C:\Users\22097\.m2\repository\org\springframework\session\spring-session-core\3.3.7\spring-session-core-3.3.7.jar;C:\Users\22097\.m2\repository\org\springframework\spring-jcl\6.1.20\spring-jcl-6.1.20.jar;C:\Users\22097\.m2\repository\com\baomidou\mybatis-plus-spring-boot3-starter\3.5.15\mybatis-plus-spring-boot3-starter-3.5.15.jar;C:\Users\22097\.m2\repository\com\baomidou\mybatis-plus\3.5.15\mybatis-plus-3.5.15.jar;C:\Users\22097\.m2\repository\com\baomidou\mybatis-plus-core\3.5.15\mybatis-plus-core-3.5.15.jar;C:\Users\22097\.m2\repository\com\baomidou\mybatis-plus-annotation\3.5.15\mybatis-plus-annotation-3.5.15.jar;C:\Users\22097\.m2\repository\com\baomidou\mybatis-plus-spring\3.5.15\mybatis-plus-spring-3.5.15.jar;C:\Users\22097\.m2\repository\com\baomidou\mybatis-plus-extension\3.5.15\mybatis-plus-extension-3.5.15.jar;C:\Users\22097\.m2\repository\org\mybatis\mybatis\3.5.19\mybatis-3.5.19.jar;C:\Users\22097\.m2\repository\org\mybatis\mybatis-spring\3.0.5\mybatis-spring-3.0.5.jar;C:\Users\22097\.m2\repository\com\baomidou\mybatis-plus-spring-boot-autoconfigure\3.5.15\mybatis-plus-spring-boot-autoconfigure-3.5.15.jar;C:\Users\22097\.m2\repository\org\springframework\boot\spring-boot-autoconfigure\3.3.12\spring-boot-autoconfigure-3.3.12.jar;C:\Users\22097\.m2\repository\org\springframework\boot\spring-boot-starter-jdbc\3.3.12\spring-boot-starter-jdbc-3.3.12.jar;C:\Users\22097\.m2\repository\com\zaxxer\HikariCP\5.1.0\HikariCP-5.1.0.jar;C:\Users\22097\.m2\repository\org\springframework\spring-jdbc\6.1.20\spring-jdbc-6.1.20.jar;C:\Users\22097\.m2\repository\com\github\xiaoymin\knife4j-openapi3-jakarta-spring-boot-starter\4.5.0\knife4j-openapi3-jakarta-spring-boot-starter-4.5.0.jar;C:\Users\22097\.m2\repository\com\github\xiaoymin\knife4j-core\4.5.0\knife4j-core-4.5.0.jar;C:\Users\22097\.m2\repository\com\github\xiaoymin\knife4j-openapi3-ui\4.5.0\knife4j-openapi3-ui-4.5.0.jar;C:\Users\22097\.m2\repository\org\springdoc\springdoc-openapi-starter-webmvc-ui\2.3.0\springdoc-openapi-starter-webmvc-ui-2.3.0.jar;C:\Users\22097\.m2\repository\org\springdoc\springdoc-openapi-starter-webmvc-api\2.3.0\springdoc-openapi-starter-webmvc-api-2.3.0.jar;C:\Users\22097\.m2\repository\org\springdoc\springdoc-openapi-starter-common\2.3.0\springdoc-openapi-starter-common-2.3.0.jar;C:\Users\22097\.m2\repository\io\swagger\core\v3\swagger-core-jakarta\2.2.19\swagger-core-jakarta-2.2.19.jar;C:\Users\22097\.m2\repository\org\apache\commons\commons-lang3\3.14.0\commons-lang3-3.14.0.jar;C:\Users\22097\.m2\repository\io\swagger\core\v3\swagger-annotations-jakarta\2.2.19\swagger-annotations-jakarta-2.2.19.jar;C:\Users\22097\.m2\repository\io\swagger\core\v3\swagger-models-jakarta\2.2.19\swagger-models-jakarta-2.2.19.jar;C:\Users\22097\.m2\repository\jakarta\validation\jakarta.validation-api\3.0.2\jakarta.validation-api-3.0.2.jar;C:\Users\22097\.m2\repository\com\fasterxml\jackson\dataformat\jackson-dataformat-yaml\2.17.3\jackson-dataformat-yaml-2.17.3.jar;C:\Users\22097\.m2\repository\org\webjars\swagger-ui\5.10.3\swagger-ui-5.10.3.jar;C:\Users\22097\.m2\repository\com\mysql\mysql-connector-j\8.3.0\mysql-connector-j-8.3.0.jar;C:\Users\22097\.m2\repository\org\projectlombok\lombok\1.18.38\lombok-1.18.38.jar;C:\Users\22097\.m2\repository\org\springframework\boot\spring-boot-devtools\3.3.12\spring-boot-devtools-3.3.12.jar;C:\Users\22097\.m2\repository\org\springframework\boot\spring-boot\3.3.12\spring-boot-3.3.12.jar;C:\Users\22097\.m2\repository\jakarta\xml\bind\jakarta.xml.bind-api\4.0.2\jakarta.xml.bind-api-4.0.2.jar;C:\Users\22097\.m2\repository\jakarta\activation\jakarta.activation-api\2.1.3\jakarta.activation-api-2.1.3.jar;C:\Users\22097\.m2\repository\org\springframework\spring-core\6.1.20\spring-core-6.1.20.jar;D:\PersonSoftwares\JetBrains\IntelliJ IDEA 2025.1.1.1\lib\idea_rt.jar
Launcher Type: SUN_STANDARD

[Global flags]
     bool AOTAdapterCaching                        = false                                  {diagnostic} {ergonomic}
     bool AOTInvokeDynamicLinking                  = false                                  {diagnostic} {ergonomic}
     bool AOTRecordTraining                        = false                                  {diagnostic} {ergonomic}
     bool AOTReplayTraining                        = false                                  {diagnostic} {ergonomic}
     bool AOTStubCaching                           = false                                  {diagnostic} {ergonomic}
     intx CICompilerCount                          = 4                                         {product} {ergonomic}
     uint ConcGCThreads                            = 2                                         {product} {ergonomic}
     uint G1ConcRefinementThreads                  = 8                                         {product} {ergonomic}
     uint G1EagerReclaimRemSetThreshold            = 16                                   {experimental} {ergonomic}
   size_t G1HeapRegionSize                         = 2097152                                   {product} {ergonomic}
     uint G1RemSetArrayOfCardsEntries              = 16                                   {experimental} {ergonomic}
     uint G1RemSetHowlMaxNumBuckets                = 8                                    {experimental} {ergonomic}
     uint G1RemSetHowlNumBuckets                   = 8                                    {experimental} {ergonomic}
   size_t InitialHeapSize                          = 8388608                                   {product} {ergonomic}
     bool IntelJccErratumMitigation                = false                             {ARCH diagnostic} {ergonomic}
     bool ManagementServer                         = true                                      {product} {command line}
   size_t MarkStackSize                            = 4194304                                   {product} {ergonomic}
   size_t MarkStackSizeMax                         = 536870912                                 {product} {ergonomic}
   size_t MaxHeapSize                              = 4009754624                                {product} {ergonomic}
   size_t MaxNewSize                               = 2405433344                                {product} {ergonomic}
 uint64_t MaxRAM                                   = 16038637568                               {product} {ergonomic}
   size_t MinHeapDeltaBytes                        = 2097152                                   {product} {ergonomic}
   size_t MinHeapSize                              = 8388608                                   {product} {ergonomic}
   size_t NonNMethodCodeHeapSize                   = 4096                                   {pd product} {ergonomic}
   size_t NonProfiledCodeHeapSize                  = 0                                      {pd product} {ergonomic}
     bool ProfileInterpreter                       = false                                  {pd product} {command line}
   size_t ProfiledCodeHeapSize                     = 0                                      {pd product} {ergonomic}
   size_t SoftMaxHeapSize                          = 4009754624                             {manageable} {ergonomic}
     intx TieredStopAtLevel                        = 1                                         {product} {command line}
     bool UseCompressedOops                        = true                           {product lp64_product} {ergonomic}
     bool UseCondCardMark                          = true                                      {product} {ergonomic}
     bool UseFastUnorderedTimeStamps               = true                                 {experimental} {ergonomic}
     bool UseG1GC                                  = true                                      {product} {ergonomic}
     bool UseLargePagesIndividualAllocation        = false                                  {pd product} {ergonomic}
      int X86ICacheSync                            = 2                                 {ARCH diagnostic} {ergonomic}

Logging:
Log output configuration:
 #0: stdout all=warning uptime,level,tags foldmultilines=false
 #1: stderr all=off uptime,level,tags foldmultilines=false

Release file:
IMPLEMENTOR="Oracle Corporation" 
JAVA_RUNTIME_VERSION="26+35-2893" 
JAVA_VERSION="26" 
JAVA_VERSION_DATE="2026-03-17" 
LIBC="default" 
MODULES="java.base java.compiler java.datatransfer java.xml java.prefs java.desktop java.instrument java.logging java.management java.security.sasl java.naming java.rmi java.management.rmi java.net.http java.scripting java.security.jgss java.transaction.xa java.sql java.sql.rowset java.xml.crypto java.se java.smartcardio jdk.accessibility jdk.internal.jvmstat jdk.attach jdk.charsets jdk.internal.opt jdk.zipfs jdk.compiler jdk.crypto.cryptoki jdk.crypto.ec jdk.crypto.mscapi jdk.dynalink jdk.internal.ed jdk.editpad jdk.internal.vm.ci jdk.graal.compiler jdk.graal.compiler.management jdk.hotspot.agent jdk.httpserver jdk.incubator.vector jdk.internal.le jdk.internal.md jdk.jartool jdk.javadoc jdk.jcmd jdk.management jdk.management.agent jdk.jconsole jdk.jdeps jdk.jdwp.agent jdk.jdi jdk.jfr jdk.jlink jdk.jpackage jdk.jshell jdk.jstatd jdk.localedata jdk.management.jfr jdk.naming.dns jdk.naming.rmi jdk.net jdk.nio.mapmode jdk.sctp jdk.security.auth jdk.security.jgss jdk.unsupported jdk.unsupported.desktop jdk.xml.dom" 
OS_ARCH="x86_64" 
OS_NAME="Windows" 
SOURCE=".:git:1327d96f3b3c open:git:4408cd2a07a1" 

Environment Variables:
PATH=C:\Program Files\Common Files\Oracle\Java\javapath;C:\WINDOWS\system32;C:\WINDOWS;C:\WINDOWS\System32\Wbem;C:\WINDOWS\System32\WindowsPowerShell\v1.0\;C:\WINDOWS\System32\OpenSSH\;C:\Users\22097\Desktop\App;D:\PersonSoftwares\Git\cmd;C:\Users\22097\AppData\Local\Programs\Python\Python314\python.exe;D:\PersonSoftwares\DevelopSoftware\nodejs\;D:\PersonSoftwares\DevelopSoftware\Microsoft VS Code\bin;C:\Program Files\MySQL\MySQL Server 8.0\bin;;C:\Program Files\Docker\Docker\resources\bin;D:\PersonSoftwares\DevelopSoftware\Rust\.cargo\bin;C:\Users\22097\.cargo\bin;C:\Users\22097\AppData\Local\Programs\Python\Python314\Scripts\;C:\Users\22097\AppData\Local\Programs\Python\Python314\;C:\Users\22097\AppData\Local\Microsoft\WindowsApps;;D:\PersonSoftwares\JetBrains\IntelliJ IDEA 2025.1.1.1\bin;;D:\PersonSoftwares\JetBrains\PyCharm 2025.1.1.1\bin;;C:\Users\22097\AppData\Roaming\npm;D:\PersonSoftwares\JetBrains\WebStorm 2025.1\bin;
USERNAME=22097
OS=Windows_NT
PROCESSOR_IDENTIFIER=AMD64 Family 23 Model 24 Stepping 1, AuthenticAMD
TMP=C:\Users\22097\AppData\Local\Temp
TEMP=C:\Users\22097\AppData\Local\Temp




Compilation memory statistics disabled.

Periodic native trim disabled

---------------  S Y S T E M  ---------------

OS:
 Windows 11 , 64 bit Build 26100 (10.0.26100.8246)
OS uptime: 0 days 3:43 hours
Hyper-V role detected

CPU: total 8 (initial active 8) (4 cores per cpu, 2 threads per core) family 23 model 24 stepping 1 microcode 0x8108102, cx8, cmov, fxsr, ht, mmx, 3dnowpref, sse, sse2, sse3, ssse3, sse4a, sse4.1, sse4.2, popcnt, lzcnt, tsc, tscinvbit, avx, avx2, aes, clmul, bmi1, bmi2, adx, sha, fma, vzeroupper, clflush, clflushopt, hv, rdtscp, f16c
Processor Information for the first 8 processors :
  Max Mhz: 2100, Current Mhz: 2100, Mhz Limit: 2100

Memory: 4k page, system-wide physical 15295M (2364M free)
TotalPageFile size 20927M (AvailPageFile size 4062M)
current process WorkingSet (physical memory assigned to process): 302M, peak: 302M
current process commit charge ("private bytes"): 354M, peak: 360M

vm_info: Java HotSpot(TM) 64-Bit Server VM (26+35-2893) for windows-amd64 JRE (26+35-2893), built on 2026-02-12T17:04:02Z with MS VC++ 17.13 (VS2022)

END.
